This file contains any messages produced by compilers while
running configure, to aid debugging if configure makes a mistake.

It was created by Greenplum Database configure 7.0.0-alpha.0, which was
generated by GNU Autoconf 2.69.  Invocation command line was

  $ ./configure --with-perl --with-python --with-libxml --with-gssapi --prefix=/usr/local/gpdb

## --------- ##
## Platform. ##
## --------- ##

hostname = Jxeditor.local
uname -m = arm64
uname -r = 20.3.0
uname -s = Darwin
uname -v = Darwin Kernel Version 20.3.0: Thu Jan 21 00:06:51 PST 2021; root:xnu-7195.81.3~1/RELEASE_ARM64_T8101

/usr/bin/uname -p = arm
/bin/uname -X     = unknown

/bin/arch              = unknown
/usr/bin/arch -k       = unknown
/usr/convex/getsysinfo = unknown
/usr/bin/hostinfo      = Mach kernel version:
	 Darwin Kernel Version 20.3.0: Thu Jan 21 00:06:51 PST 2021; root:xnu-7195.81.3~1/RELEASE_ARM64_T8101
Kernel configured for up to 8 processors.
8 processors are physically available.
8 processors are logically available.
Processor type: arm64e (ARM64E)
Processors active: 0 1 2 3 4 5 6 7
Primary memory available: 16.00 gigabytes
Default processor set: 410 tasks, 2002 threads, 8 processors
Load average: 0.88, Mach factor: 7.11
/bin/machine           = unknown
/usr/bin/oslevel       = unknown
/bin/universe          = unknown

PATH: /opt/homebrew/bin
PATH: /opt/homebrew/sbin
PATH: /opt/homebrew/bin
PATH: /opt/homebrew/sbin
PATH: /opt/homebrew/bin
PATH: /opt/homebrew/sbin
PATH: /usr/local/bin
PATH: /usr/bin
PATH: /bin
PATH: /usr/sbin
PATH: /sbin
PATH: /Applications/VMware Fusion.app/Contents/Public
PATH: /Library/Apple/usr/bin
PATH: /Users/xz/Local/Envs/maven/3.6.3/bin
PATH: /Users/xz/Local/Envs/scala/2.12.13/bin
PATH: /Users/xz/.npm-global/bin
PATH: /usr/local/mysql/bin
PATH: /Library/Java/JavaVirtualMachines/jdk1.8.0_281.jdk/Contents/Home/bin
PATH: /opt/homebrew/Cellar/hive/3.1.2_3/bin
PATH: /opt/homebrew/Cellar/zookeeper/bin
PATH: /bin
PATH: /bin
PATH: /Users/xz/Local/Envs/maven/3.6.3/bin
PATH: /Users/xz/Local/Envs/scala/2.12.13/bin
PATH: /Users/xz/.npm-global/bin
PATH: /usr/local/mysql/bin
PATH: /Library/Java/JavaVirtualMachines/jdk1.8.0_281.jdk/Contents/Home/bin
PATH: /opt/homebrew/Cellar/hive/3.1.2_3/bin
PATH: /opt/homebrew/Cellar/zookeeper/bin
PATH: /opt/homebrew/opt/apr/bin
PATH: /opt/homebrew/opt/apr-util/bin


## ----------- ##
## Core tests. ##
## ----------- ##

configure:2910: checking build system type
configure:2924: result: arm-apple-darwin20.3.0
configure:2944: checking host system type
configure:2957: result: arm-apple-darwin20.3.0
configure:2979: checking which template to use
configure:3047: result: darwin
configure:3194: checking for default port number
configure:3219: result: 5432
configure:3840: checking for block size
configure:3874: result: 32kB
configure:3886: checking for segment size
configure:3915: result: 1GB
configure:3927: checking for WAL block size
configure:3962: result: 32kB
configure:4059: checking for gcc
configure:4075: found /usr/bin/gcc
configure:4086: result: gcc
configure:4117: checking for C compiler version
configure:4126: gcc --version >&5
Apple clang version 12.0.0 (clang-1200.0.32.29)
Target: arm64-apple-darwin20.3.0
Thread model: posix
InstalledDir: /Applications/Xcode.app/Contents/Developer/Toolchains/XcodeDefault.xctoolchain/usr/bin
Configured with: --prefix=/Applications/Xcode.app/Contents/Developer/usr --with-gxx-include-dir=/Applications/Xcode.app/Contents/Developer/Platforms/MacOSX.platform/Developer/SDKs/MacOSX.sdk/usr/include/c++/4.2.1
configure:4137: $? = 0
configure:4126: gcc -v >&5
Configured with: --prefix=/Applications/Xcode.app/Contents/Developer/usr --with-gxx-include-dir=/Applications/Xcode.app/Contents/Developer/Platforms/MacOSX.platform/Developer/SDKs/MacOSX.sdk/usr/include/c++/4.2.1
Apple clang version 12.0.0 (clang-1200.0.32.29)
Target: arm64-apple-darwin20.3.0
Thread model: posix
InstalledDir: /Applications/Xcode.app/Contents/Developer/Toolchains/XcodeDefault.xctoolchain/usr/bin
configure:4137: $? = 0
configure:4126: gcc -V >&5
clang: error: argument to '-V' is missing (expected 1 value)
clang: error: no input files
configure:4137: $? = 1
configure:4126: gcc -qversion >&5
clang: error: unknown argument '-qversion'; did you mean '--version'?
clang: error: no input files
configure:4137: $? = 1
configure:4157: checking whether the C compiler works
configure:4179: gcc    conftest.c  >&5
configure:4183: $? = 0
configure:4231: result: yes
configure:4234: checking for C compiler default output file name
configure:4236: result: a.out
configure:4242: checking for suffix of executables
configure:4249: gcc -o conftest    conftest.c  >&5
configure:4253: $? = 0
configure:4275: result: 
configure:4297: checking whether we are cross compiling
configure:4305: gcc -o conftest    conftest.c  >&5
configure:4309: $? = 0
configure:4316: ./conftest
configure:4320: $? = 0
configure:4335: result: no
configure:4340: checking for suffix of object files
configure:4362: gcc -c   conftest.c >&5
configure:4366: $? = 0
configure:4387: result: o
configure:4391: checking whether we are using the GNU C compiler
configure:4410: gcc -c   conftest.c >&5
configure:4410: $? = 0
configure:4419: result: yes
configure:4428: checking whether gcc accepts -g
configure:4448: gcc -c -g  conftest.c >&5
configure:4448: $? = 0
configure:4489: result: yes
configure:4506: checking for gcc option to accept ISO C89
configure:4569: gcc  -c -g -O2  conftest.c >&5
configure:4569: $? = 0
configure:4582: result: none needed
configure:4602: checking for gcc option to accept ISO C99
configure:4751: gcc  -c -g -O2  conftest.c >&5
configure:4751: $? = 0
configure:4764: result: none needed
configure:4844: checking for g++
configure:4860: found /usr/bin/g++
configure:4871: result: g++
configure:4898: checking for C++ compiler version
configure:4907: g++ --version >&5
Apple clang version 12.0.0 (clang-1200.0.32.29)
Target: arm64-apple-darwin20.3.0
Thread model: posix
InstalledDir: /Applications/Xcode.app/Contents/Developer/Toolchains/XcodeDefault.xctoolchain/usr/bin
Configured with: --prefix=/Applications/Xcode.app/Contents/Developer/usr --with-gxx-include-dir=/Applications/Xcode.app/Contents/Developer/Platforms/MacOSX.platform/Developer/SDKs/MacOSX.sdk/usr/include/c++/4.2.1
configure:4918: $? = 0
configure:4907: g++ -v >&5
Configured with: --prefix=/Applications/Xcode.app/Contents/Developer/usr --with-gxx-include-dir=/Applications/Xcode.app/Contents/Developer/Platforms/MacOSX.platform/Developer/SDKs/MacOSX.sdk/usr/include/c++/4.2.1
Apple clang version 12.0.0 (clang-1200.0.32.29)
Target: arm64-apple-darwin20.3.0
Thread model: posix
InstalledDir: /Applications/Xcode.app/Contents/Developer/Toolchains/XcodeDefault.xctoolchain/usr/bin
configure:4918: $? = 0
configure:4907: g++ -V >&5
clang: error: argument to '-V' is missing (expected 1 value)
clang: error: no input files
configure:4918: $? = 1
configure:4907: g++ -qversion >&5
clang: error: unknown argument '-qversion'; did you mean '--version'?
clang: error: no input files
configure:4918: $? = 1
configure:4922: checking whether we are using the GNU C++ compiler
configure:4941: g++ -c   conftest.cpp >&5
configure:4941: $? = 0
configure:4950: result: yes
configure:4959: checking whether g++ accepts -g
configure:4979: g++ -c -g  conftest.cpp >&5
configure:4979: $? = 0
configure:5020: result: yes
configure:5061: gcc -c -g -O2  conftest.c >&5
conftest.c:22:1: error: use of undeclared identifier 'choke'
choke me
^
1 error generated.
configure:5061: $? = 1
configure: failed program was:
| /* confdefs.h */
| #define PACKAGE_NAME "Greenplum Database"
| #define PACKAGE_TARNAME "greenplum-database"
| #define PACKAGE_VERSION "7.0.0-alpha.0"
| #define PACKAGE_STRING "Greenplum Database 7.0.0-alpha.0"
| #define PACKAGE_BUGREPORT "support@greenplum.org"
| #define PACKAGE_URL ""
| #define PG_MAJORVERSION "12"
| #define PG_VERSION "12beta2"
| #define DEF_PGPORT 5432
| #define DEF_PGPORT_STR "5432"
| #define FAULT_INJECTOR 1
| #define BLCKSZ 32768
| #define RELSEG_SIZE 32768
| #define XLOG_BLCKSZ 32768
| /* end confdefs.h.  */
| 
| int
| main ()
| {
| #ifndef __INTEL_COMPILER
| choke me
| #endif
|   ;
|   return 0;
| }
configure:5083: gcc -c -g -O2  conftest.c >&5
conftest.c:22:1: error: use of undeclared identifier 'choke'
choke me
^
1 error generated.
configure:5083: $? = 1
configure: failed program was:
| /* confdefs.h */
| #define PACKAGE_NAME "Greenplum Database"
| #define PACKAGE_TARNAME "greenplum-database"
| #define PACKAGE_VERSION "7.0.0-alpha.0"
| #define PACKAGE_STRING "Greenplum Database 7.0.0-alpha.0"
| #define PACKAGE_BUGREPORT "support@greenplum.org"
| #define PACKAGE_URL ""
| #define PG_MAJORVERSION "12"
| #define PG_VERSION "12beta2"
| #define DEF_PGPORT 5432
| #define DEF_PGPORT_STR "5432"
| #define FAULT_INJECTOR 1
| #define BLCKSZ 32768
| #define RELSEG_SIZE 32768
| #define XLOG_BLCKSZ 32768
| /* end confdefs.h.  */
| 
| int
| main ()
| {
| #ifndef __SUNPRO_C
| choke me
| #endif
|   ;
|   return 0;
| }
configure:5128: checking for gawk
configure:5144: found /opt/homebrew/bin/gawk
configure:5155: result: gawk
configure:5465: checking whether gcc supports -Werror=vla, for CFLAGS
configure:5487: gcc -c -Wall -Wmissing-prototypes -Wpointer-arith -Werror=vla -isysroot /Applications/Xcode.app/Contents/Developer/Platforms/MacOSX.platform/Developer/SDKs/MacOSX11.1.sdk  conftest.c >&5
configure:5487: $? = 0
configure:5497: result: yes
configure:5506: checking whether gcc supports -Wendif-labels, for CFLAGS
configure:5528: gcc -c -Wall -Wmissing-prototypes -Wpointer-arith -Werror=vla -Wendif-labels -isysroot /Applications/Xcode.app/Contents/Developer/Platforms/MacOSX.platform/Developer/SDKs/MacOSX11.1.sdk  conftest.c >&5
configure:5528: $? = 0
configure:5538: result: yes
configure:5545: checking whether g++ supports -Wendif-labels, for CXXFLAGS
configure:5573: g++ -c -Wall -Wpointer-arith -Wendif-labels -isysroot /Applications/Xcode.app/Contents/Developer/Platforms/MacOSX.platform/Developer/SDKs/MacOSX11.1.sdk  conftest.cpp >&5
configure:5573: $? = 0
configure:5589: result: yes
configure:5597: checking whether gcc supports -Wmissing-format-attribute, for CFLAGS
configure:5619: gcc -c -Wall -Wmissing-prototypes -Wpointer-arith -Werror=vla -Wendif-labels -Wmissing-format-attribute -isysroot /Applications/Xcode.app/Contents/Developer/Platforms/MacOSX.platform/Developer/SDKs/MacOSX11.1.sdk  conftest.c >&5
configure:5619: $? = 0
configure:5629: result: yes
configure:5636: checking whether g++ supports -Wmissing-format-attribute, for CXXFLAGS
configure:5664: g++ -c -Wall -Wpointer-arith -Wendif-labels -Wmissing-format-attribute -isysroot /Applications/Xcode.app/Contents/Developer/Platforms/MacOSX.platform/Developer/SDKs/MacOSX11.1.sdk  conftest.cpp >&5
configure:5664: $? = 0
configure:5680: result: yes
configure:5689: checking whether gcc supports -Wformat-security, for CFLAGS
configure:5711: gcc -c -Wall -Wmissing-prototypes -Wpointer-arith -Werror=vla -Wendif-labels -Wmissing-format-attribute -Wformat-security -isysroot /Applications/Xcode.app/Contents/Developer/Platforms/MacOSX.platform/Developer/SDKs/MacOSX11.1.sdk  conftest.c >&5
configure:5711: $? = 0
configure:5721: result: yes
configure:5728: checking whether g++ supports -Wformat-security, for CXXFLAGS
configure:5756: g++ -c -Wall -Wpointer-arith -Wendif-labels -Wmissing-format-attribute -Wformat-security -isysroot /Applications/Xcode.app/Contents/Developer/Platforms/MacOSX.platform/Developer/SDKs/MacOSX11.1.sdk  conftest.cpp >&5
configure:5756: $? = 0
configure:5772: result: yes
configure:5781: checking whether gcc supports -fno-strict-aliasing, for CFLAGS
configure:5803: gcc -c -Wall -Wmissing-prototypes -Wpointer-arith -Werror=vla -Wendif-labels -Wmissing-format-attribute -Wformat-security -fno-strict-aliasing -isysroot /Applications/Xcode.app/Contents/Developer/Platforms/MacOSX.platform/Developer/SDKs/MacOSX11.1.sdk  conftest.c >&5
configure:5803: $? = 0
configure:5813: result: yes
configure:5820: checking whether g++ supports -fno-strict-aliasing, for CXXFLAGS
configure:5848: g++ -c -Wall -Wpointer-arith -Wendif-labels -Wmissing-format-attribute -Wformat-security -fno-strict-aliasing -isysroot /Applications/Xcode.app/Contents/Developer/Platforms/MacOSX.platform/Developer/SDKs/MacOSX11.1.sdk  conftest.cpp >&5
configure:5848: $? = 0
configure:5864: result: yes
configure:5873: checking whether gcc supports -fwrapv, for CFLAGS
configure:5895: gcc -c -Wall -Wmissing-prototypes -Wpointer-arith -Werror=vla -Wendif-labels -Wmissing-format-attribute -Wformat-security -fno-strict-aliasing -fwrapv -isysroot /Applications/Xcode.app/Contents/Developer/Platforms/MacOSX.platform/Developer/SDKs/MacOSX11.1.sdk  conftest.c >&5
configure:5895: $? = 0
configure:5905: result: yes
configure:5912: checking whether g++ supports -fwrapv, for CXXFLAGS
configure:5940: g++ -c -Wall -Wpointer-arith -Wendif-labels -Wmissing-format-attribute -Wformat-security -fno-strict-aliasing -fwrapv -isysroot /Applications/Xcode.app/Contents/Developer/Platforms/MacOSX.platform/Developer/SDKs/MacOSX11.1.sdk  conftest.cpp >&5
configure:5940: $? = 0
configure:5956: result: yes
configure:5965: checking whether gcc supports -fexcess-precision=standard, for CFLAGS
configure:5987: gcc -c -Wall -Wmissing-prototypes -Wpointer-arith -Werror=vla -Wendif-labels -Wmissing-format-attribute -Wformat-security -fno-strict-aliasing -fwrapv -fexcess-precision=standard -isysroot /Applications/Xcode.app/Contents/Developer/Platforms/MacOSX.platform/Developer/SDKs/MacOSX11.1.sdk  conftest.c >&5
clang: warning: optimization flag '-fexcess-precision=standard' is not supported [-Wignored-optimization-argument]
configure:5987: $? = 0
configure: failed program was:
| /* confdefs.h */
| #define PACKAGE_NAME "Greenplum Database"
| #define PACKAGE_TARNAME "greenplum-database"
| #define PACKAGE_VERSION "7.0.0-alpha.0"
| #define PACKAGE_STRING "Greenplum Database 7.0.0-alpha.0"
| #define PACKAGE_BUGREPORT "support@greenplum.org"
| #define PACKAGE_URL ""
| #define PG_MAJORVERSION "12"
| #define PG_VERSION "12beta2"
| #define DEF_PGPORT 5432
| #define DEF_PGPORT_STR "5432"
| #define FAULT_INJECTOR 1
| #define BLCKSZ 32768
| #define RELSEG_SIZE 32768
| #define XLOG_BLCKSZ 32768
| /* end confdefs.h.  */
| 
| int
| main ()
| {
| 
|   ;
|   return 0;
| }
configure:5997: result: no
configure:6004: checking whether g++ supports -fexcess-precision=standard
configure:6030: g++ -c -Wall -Wpointer-arith -Wendif-labels -Wmissing-format-attribute -Wformat-security -fno-strict-aliasing -fwrapv -fexcess-precision=standard -isysroot /Applications/Xcode.app/Contents/Developer/Platforms/MacOSX.platform/Developer/SDKs/MacOSX11.1.sdk  conftest.cpp >&5
clang: warning: optimization flag '-fexcess-precision=standard' is not supported [-Wignored-optimization-argument]
configure:6030: $? = 0
configure: failed program was:
| /* confdefs.h */
| #define PACKAGE_NAME "Greenplum Database"
| #define PACKAGE_TARNAME "greenplum-database"
| #define PACKAGE_VERSION "7.0.0-alpha.0"
| #define PACKAGE_STRING "Greenplum Database 7.0.0-alpha.0"
| #define PACKAGE_BUGREPORT "support@greenplum.org"
| #define PACKAGE_URL ""
| #define PG_MAJORVERSION "12"
| #define PG_VERSION "12beta2"
| #define DEF_PGPORT 5432
| #define DEF_PGPORT_STR "5432"
| #define FAULT_INJECTOR 1
| #define BLCKSZ 32768
| #define RELSEG_SIZE 32768
| #define XLOG_BLCKSZ 32768
| /* end confdefs.h.  */
| 
| int
| main ()
| {
| 
|   ;
|   return 0;
| }
configure:6045: result: no
configure:6057: checking whether gcc supports -Wno-unused-but-set-variable, for CFLAGS
configure:6079: gcc -c -Wall -Wmissing-prototypes -Wpointer-arith -Werror=vla -Wendif-labels -Wmissing-format-attribute -Wformat-security -fno-strict-aliasing -fwrapv -Wno-unused-but-set-variable -isysroot /Applications/Xcode.app/Contents/Developer/Platforms/MacOSX.platform/Developer/SDKs/MacOSX11.1.sdk  conftest.c >&5
warning: unknown warning option '-Wno-unused-but-set-variable'; did you mean '-Wno-unused-const-variable'? [-Wunknown-warning-option]
1 warning generated.
configure:6079: $? = 0
configure: failed program was:
| /* confdefs.h */
| #define PACKAGE_NAME "Greenplum Database"
| #define PACKAGE_TARNAME "greenplum-database"
| #define PACKAGE_VERSION "7.0.0-alpha.0"
| #define PACKAGE_STRING "Greenplum Database 7.0.0-alpha.0"
| #define PACKAGE_BUGREPORT "support@greenplum.org"
| #define PACKAGE_URL ""
| #define PG_MAJORVERSION "12"
| #define PG_VERSION "12beta2"
| #define DEF_PGPORT 5432
| #define DEF_PGPORT_STR "5432"
| #define FAULT_INJECTOR 1
| #define BLCKSZ 32768
| #define RELSEG_SIZE 32768
| #define XLOG_BLCKSZ 32768
| /* end confdefs.h.  */
| 
| int
| main ()
| {
| 
|   ;
|   return 0;
| }
configure:6089: result: no
configure:6102: checking whether gcc supports -Werror=implicit-fallthrough=3, for CFLAGS
configure:6124: gcc -c -Wall -Wmissing-prototypes -Wpointer-arith -Werror=vla -Wendif-labels -Wmissing-format-attribute -Wformat-security -fno-strict-aliasing -fwrapv -Werror=implicit-fallthrough=3 -isysroot /Applications/Xcode.app/Contents/Developer/Platforms/MacOSX.platform/Developer/SDKs/MacOSX11.1.sdk  conftest.c >&5
warning: unknown warning option '-Werror=implicit-fallthrough=3'; did you mean '-Werror=implicit-fallthrough'? [-Wunknown-warning-option]
1 warning generated.
configure:6124: $? = 0
configure: failed program was:
| /* confdefs.h */
| #define PACKAGE_NAME "Greenplum Database"
| #define PACKAGE_TARNAME "greenplum-database"
| #define PACKAGE_VERSION "7.0.0-alpha.0"
| #define PACKAGE_STRING "Greenplum Database 7.0.0-alpha.0"
| #define PACKAGE_BUGREPORT "support@greenplum.org"
| #define PACKAGE_URL ""
| #define PG_MAJORVERSION "12"
| #define PG_VERSION "12beta2"
| #define DEF_PGPORT 5432
| #define DEF_PGPORT_STR "5432"
| #define FAULT_INJECTOR 1
| #define BLCKSZ 32768
| #define RELSEG_SIZE 32768
| #define XLOG_BLCKSZ 32768
| /* end confdefs.h.  */
| 
| int
| main ()
| {
| 
|   ;
|   return 0;
| }
configure:6134: result: no
configure:6141: checking whether g++ supports -fexcess-precision=standard, for CXXFLAGS
configure:6169: g++ -c -Wall -Wpointer-arith -Wendif-labels -Wmissing-format-attribute -Wformat-security -fno-strict-aliasing -fwrapv -fexcess-precision=standard -isysroot /Applications/Xcode.app/Contents/Developer/Platforms/MacOSX.platform/Developer/SDKs/MacOSX11.1.sdk  conftest.cpp >&5
clang: warning: optimization flag '-fexcess-precision=standard' is not supported [-Wignored-optimization-argument]
configure:6169: $? = 0
configure: failed program was:
| /* confdefs.h */
| #define PACKAGE_NAME "Greenplum Database"
| #define PACKAGE_TARNAME "greenplum-database"
| #define PACKAGE_VERSION "7.0.0-alpha.0"
| #define PACKAGE_STRING "Greenplum Database 7.0.0-alpha.0"
| #define PACKAGE_BUGREPORT "support@greenplum.org"
| #define PACKAGE_URL ""
| #define PG_MAJORVERSION "12"
| #define PG_VERSION "12beta2"
| #define DEF_PGPORT 5432
| #define DEF_PGPORT_STR "5432"
| #define FAULT_INJECTOR 1
| #define BLCKSZ 32768
| #define RELSEG_SIZE 32768
| #define XLOG_BLCKSZ 32768
| /* end confdefs.h.  */
| 
| int
| main ()
| {
| 
|   ;
|   return 0;
| }
configure:6185: result: no
configure:6193: checking whether gcc supports -funroll-loops, for CFLAGS_VECTOR
configure:6215: gcc -c  -funroll-loops -isysroot /Applications/Xcode.app/Contents/Developer/Platforms/MacOSX.platform/Developer/SDKs/MacOSX11.1.sdk  conftest.c >&5
configure:6215: $? = 0
configure:6225: result: yes
configure:6232: checking whether gcc supports -ftree-vectorize, for CFLAGS_VECTOR
configure:6254: gcc -c  -funroll-loops -ftree-vectorize -isysroot /Applications/Xcode.app/Contents/Developer/Platforms/MacOSX.platform/Developer/SDKs/MacOSX11.1.sdk  conftest.c >&5
configure:6254: $? = 0
configure:6264: result: yes
configure:6275: checking whether gcc supports -Wunused-command-line-argument, for NOT_THE_CFLAGS
configure:6297: gcc -c  -Wunused-command-line-argument -isysroot /Applications/Xcode.app/Contents/Developer/Platforms/MacOSX.platform/Developer/SDKs/MacOSX11.1.sdk  conftest.c >&5
configure:6297: $? = 0
configure:6307: result: yes
configure:6319: checking whether gcc supports -Wformat-truncation, for NOT_THE_CFLAGS
configure:6341: gcc -c  -Wformat-truncation -isysroot /Applications/Xcode.app/Contents/Developer/Platforms/MacOSX.platform/Developer/SDKs/MacOSX11.1.sdk  conftest.c >&5
warning: unknown warning option '-Wformat-truncation' [-Wunknown-warning-option]
1 warning generated.
configure:6341: $? = 0
configure: failed program was:
| /* confdefs.h */
| #define PACKAGE_NAME "Greenplum Database"
| #define PACKAGE_TARNAME "greenplum-database"
| #define PACKAGE_VERSION "7.0.0-alpha.0"
| #define PACKAGE_STRING "Greenplum Database 7.0.0-alpha.0"
| #define PACKAGE_BUGREPORT "support@greenplum.org"
| #define PACKAGE_URL ""
| #define PG_MAJORVERSION "12"
| #define PG_VERSION "12beta2"
| #define DEF_PGPORT 5432
| #define DEF_PGPORT_STR "5432"
| #define FAULT_INJECTOR 1
| #define BLCKSZ 32768
| #define RELSEG_SIZE 32768
| #define XLOG_BLCKSZ 32768
| /* end confdefs.h.  */
| 
| int
| main ()
| {
| 
|   ;
|   return 0;
| }
configure:6351: result: no
configure:6362: checking whether gcc supports -Wstringop-truncation, for NOT_THE_CFLAGS
configure:6384: gcc -c  -Wstringop-truncation -isysroot /Applications/Xcode.app/Contents/Developer/Platforms/MacOSX.platform/Developer/SDKs/MacOSX11.1.sdk  conftest.c >&5
warning: unknown warning option '-Wstringop-truncation'; did you mean '-Wstring-conversion'? [-Wunknown-warning-option]
1 warning generated.
configure:6384: $? = 0
configure: failed program was:
| /* confdefs.h */
| #define PACKAGE_NAME "Greenplum Database"
| #define PACKAGE_TARNAME "greenplum-database"
| #define PACKAGE_VERSION "7.0.0-alpha.0"
| #define PACKAGE_STRING "Greenplum Database 7.0.0-alpha.0"
| #define PACKAGE_BUGREPORT "support@greenplum.org"
| #define PACKAGE_URL ""
| #define PG_MAJORVERSION "12"
| #define PG_VERSION "12beta2"
| #define DEF_PGPORT 5432
| #define DEF_PGPORT_STR "5432"
| #define FAULT_INJECTOR 1
| #define BLCKSZ 32768
| #define RELSEG_SIZE 32768
| #define XLOG_BLCKSZ 32768
| /* end confdefs.h.  */
| 
| int
| main ()
| {
| 
|   ;
|   return 0;
| }
configure:6394: result: no
configure:6412: checking whether g++ supports -Wdeprecated-register
configure:6438: g++ -c -Wall -Wpointer-arith -Wendif-labels -Wmissing-format-attribute -Wformat-security -fno-strict-aliasing -fwrapv -Wdeprecated-register -isysroot /Applications/Xcode.app/Contents/Developer/Platforms/MacOSX.platform/Developer/SDKs/MacOSX11.1.sdk  conftest.cpp >&5
configure:6438: $? = 0
configure:6453: result: yes
configure:7256: checking whether the C compiler still works
configure:7269: gcc -o conftest -Wall -Wmissing-prototypes -Wpointer-arith -Werror=vla -Wendif-labels -Wmissing-format-attribute -Wformat-security -fno-strict-aliasing -fwrapv -Wno-unused-command-line-argument -O3 -isysroot /Applications/Xcode.app/Contents/Developer/Platforms/MacOSX.platform/Developer/SDKs/MacOSX11.1.sdk   conftest.c  >&5
configure:7269: $? = 0
configure:7270: result: yes
configure:7295: gcc -c -Wall -Wmissing-prototypes -Wpointer-arith -Werror=vla -Wendif-labels -Wmissing-format-attribute -Wformat-security -fno-strict-aliasing -fwrapv -Wno-unused-command-line-argument -O3 -isysroot /Applications/Xcode.app/Contents/Developer/Platforms/MacOSX.platform/Developer/SDKs/MacOSX11.1.sdk  conftest.c >&5
configure:7295: $? = 0
configure:7328: gcc -c -Wall -Wmissing-prototypes -Wpointer-arith -Werror=vla -Wendif-labels -Wmissing-format-attribute -Wformat-security -fno-strict-aliasing -fwrapv -Wno-unused-command-line-argument -O3 -isysroot /Applications/Xcode.app/Contents/Developer/Platforms/MacOSX.platform/Developer/SDKs/MacOSX11.1.sdk  conftest.c >&5
configure:7328: $? = 0
configure:7341: checking how to run the C preprocessor
configure:7372: gcc -E -isysroot /Applications/Xcode.app/Contents/Developer/Platforms/MacOSX.platform/Developer/SDKs/MacOSX11.1.sdk  conftest.c
configure:7372: $? = 0
configure:7386: gcc -E -isysroot /Applications/Xcode.app/Contents/Developer/Platforms/MacOSX.platform/Developer/SDKs/MacOSX11.1.sdk  conftest.c
conftest.c:17:10: fatal error: 'ac_nonexistent.h' file not found
#include <ac_nonexistent.h>
         ^~~~~~~~~~~~~~~~~~
1 error generated.
configure:7386: $? = 1
configure: failed program was:
| /* confdefs.h */
| #define PACKAGE_NAME "Greenplum Database"
| #define PACKAGE_TARNAME "greenplum-database"
| #define PACKAGE_VERSION "7.0.0-alpha.0"
| #define PACKAGE_STRING "Greenplum Database 7.0.0-alpha.0"
| #define PACKAGE_BUGREPORT "support@greenplum.org"
| #define PACKAGE_URL ""
| #define PG_MAJORVERSION "12"
| #define PG_VERSION "12beta2"
| #define DEF_PGPORT 5432
| #define DEF_PGPORT_STR "5432"
| #define FAULT_INJECTOR 1
| #define BLCKSZ 32768
| #define RELSEG_SIZE 32768
| #define XLOG_BLCKSZ 32768
| /* end confdefs.h.  */
| #include <ac_nonexistent.h>
configure:7411: result: gcc -E
configure:7431: gcc -E -isysroot /Applications/Xcode.app/Contents/Developer/Platforms/MacOSX.platform/Developer/SDKs/MacOSX11.1.sdk  conftest.c
configure:7431: $? = 0
configure:7445: gcc -E -isysroot /Applications/Xcode.app/Contents/Developer/Platforms/MacOSX.platform/Developer/SDKs/MacOSX11.1.sdk  conftest.c
conftest.c:17:10: fatal error: 'ac_nonexistent.h' file not found
#include <ac_nonexistent.h>
         ^~~~~~~~~~~~~~~~~~
1 error generated.
configure:7445: $? = 1
configure: failed program was:
| /* confdefs.h */
| #define PACKAGE_NAME "Greenplum Database"
| #define PACKAGE_TARNAME "greenplum-database"
| #define PACKAGE_VERSION "7.0.0-alpha.0"
| #define PACKAGE_STRING "Greenplum Database 7.0.0-alpha.0"
| #define PACKAGE_BUGREPORT "support@greenplum.org"
| #define PACKAGE_URL ""
| #define PG_MAJORVERSION "12"
| #define PG_VERSION "12beta2"
| #define DEF_PGPORT 5432
| #define DEF_PGPORT_STR "5432"
| #define FAULT_INJECTOR 1
| #define BLCKSZ 32768
| #define RELSEG_SIZE 32768
| #define XLOG_BLCKSZ 32768
| /* end confdefs.h.  */
| #include <ac_nonexistent.h>
configure:7547: checking for pkg-config
configure:7565: found /opt/homebrew/bin/pkg-config
configure:7577: result: /opt/homebrew/bin/pkg-config
configure:7602: checking pkg-config is at least version 0.9.0
configure:7605: result: yes
configure:7702: result: checking whether to build with ORCA... yes
configure:7748: result: checking whether to build with Greenplum Mapreduce... no
configure:7780: result: checking whether to build with gpcloud... no
configure:7801: checking whether g++ supports C++14 features with -std=c++14
configure:8219: g++ -std=c++14 -c -Wall -Wpointer-arith -Wendif-labels -Wmissing-format-attribute -Wformat-security -fno-strict-aliasing -fwrapv -Wno-deprecated-register -O3 -isysroot /Applications/Xcode.app/Contents/Developer/Platforms/MacOSX.platform/Developer/SDKs/MacOSX11.1.sdk  conftest.cpp >&5
configure:8219: $? = 0
configure:8228: result: yes
configure:8337: checking allow thread-safe client libraries
configure:8367: result: yes
configure:8374: checking whether to build with ICU support
configure:8402: result: no
configure:8503: checking whether to build with Tcl
configure:8529: result: no
configure:8561: checking whether to build Perl modules
configure:8587: result: yes
configure:8594: checking whether to build Python modules
configure:8620: result: yes
configure:8627: checking whether to build with GSSAPI support
configure:8658: result: yes
configure:8703: checking whether to build with PAM support
configure:8731: result: no
configure:8738: checking whether to build with BSD Authentication support
configure:8766: result: no
configure:8773: checking whether to build with LDAP support
configure:8801: result: no
configure:8809: checking whether to build with Bonjour support
configure:8837: result: no
configure:8844: checking whether to build with OpenSSL support
configure:8872: result: no
configure:8879: checking whether to build with SELinux support
configure:8906: result: no
configure:8912: checking whether to build with systemd support
configure:8941: result: no
configure:9132: checking for xml2-config
configure:9150: found /usr/bin/xml2-config
configure:9162: result: /usr/bin/xml2-config
configure:9317: checking whether to build with ZSTD support
configure:9347: result: yes
configure:9354: checking for libzstd >= 1.1.1
configure:9361: $PKG_CONFIG --exists --print-errors "libzstd >= 1.1.1"
configure:9364: $? = 0
configure:9378: $PKG_CONFIG --exists --print-errors "libzstd >= 1.1.1"
configure:9381: $? = 0
configure:9439: result: yes
configure:9582: checking for grep that handles long lines and -e
configure:9640: result: /usr/bin/grep
configure:9645: checking for egrep
configure:9707: result: /usr/bin/grep -E
configure:9743: using CPPFLAGS=-isysroot /Applications/Xcode.app/Contents/Developer/Platforms/MacOSX.platform/Developer/SDKs/MacOSX11.1.sdk  -I/Applications/Xcode.app/Contents/Developer/Platforms/MacOSX.platform/Developer/SDKs/MacOSX.sdk/usr/include 
configure:9745: using LDFLAGS= -L/Applications/Xcode.app/Contents/Developer/Platforms/MacOSX.platform/Developer/SDKs/MacOSX.sdk/usr/lib 
configure:9759: checking for ld used by GCC
configure:9822: result: /Applications/Xcode.app/Contents/Developer/Toolchains/XcodeDefault.xctoolchain/usr/bin/ld
configure:9829: checking if the linker (/Applications/Xcode.app/Contents/Developer/Toolchains/XcodeDefault.xctoolchain/usr/bin/ld) is GNU ld
configure:9841: result: no
configure:9891: checking for ranlib
configure:9907: found /usr/bin/ranlib
configure:9918: result: ranlib
configure:9984: checking for strip
configure:10000: found /usr/bin/strip
configure:10011: result: strip
configure:10034: checking whether it is possible to strip libraries
configure:10047: result: yes
configure:10104: checking for ar
configure:10120: found /usr/bin/ar
configure:10131: result: ar
configure:10446: checking for a BSD-compatible install
configure:10514: result: /usr/bin/install -c
configure:10539: checking for tar
configure:10557: found /usr/bin/tar
configure:10569: result: /usr/bin/tar
configure:10588: checking whether ln -s works
configure:10592: result: yes
configure:10599: checking for a thread-safe mkdir -p
configure:10638: result: config/install-sh -c -d
configure:10653: checking for bison
configure:10671: found /usr/bin/bison
configure:10683: result: /usr/bin/bison
configure:10705: using bison (GNU Bison) 2.3
configure:10743: checking for flex
configure:10788: result: /usr/bin/flex
configure:10808: using flex 2.5.35 Apple(flex-32)
configure:10821: checking for perl
configure:10839: found /opt/homebrew/bin/perl
configure:10851: result: /opt/homebrew/bin/perl
configure:10873: using perl 5.32.1
configure:10906: checking for Perl archlibexp
configure:10910: result: /opt/homebrew/Cellar/perl/5.32.1_1/lib/perl5/5.32.1/darwin-thread-multi-2level
configure:10912: checking for Perl privlibexp
configure:10916: result: /opt/homebrew/Cellar/perl/5.32.1_1/lib/perl5/5.32.1
configure:10918: checking for Perl useshrplib
configure:10922: result: true
configure:10940: checking for CFLAGS recommended by Perl
configure:10943: result: -fno-common -DPERL_DARWIN -mmacosx-version-min=11.2 -fno-strict-aliasing -pipe -fstack-protector-strong -DPERL_USE_SAFE_PUTENV
configure:10945: checking for CFLAGS to compile embedded Perl
configure:10948: result: -DPERL_DARWIN -DPERL_USE_SAFE_PUTENV 
configure:10952: checking for flags to link embedded Perl
configure:10976: result:   -mmacosx-version-min=11.2 -fstack-protector-strong  -L/opt/homebrew/Cellar/perl/5.32.1_1/lib/perl5/5.32.1/darwin-thread-multi-2level/CORE -lperl
configure:10988: checking for python3
configure:11006: found /opt/homebrew/bin/python3
configure:11018: result: /opt/homebrew/bin/python3
configure:11043: using python 3.9.4 (default, Apr  4 2021, 17:42:23) 
configure:11054: checking for Python distutils module
configure:11058: result: yes
configure:11066: checking Python configuration directory
configure:11069: result: /opt/homebrew/opt/python@3.9/Frameworks/Python.framework/Versions/3.9/lib/python3.9/config-3.9-darwin
configure:11072: checking Python include directories
configure:11085: result: -I/opt/homebrew/opt/python@3.9/Frameworks/Python.framework/Versions/3.9/include/python3.9
configure:11090: checking how to link an embedded Python application
configure:11172: result: -L/opt/homebrew/opt/python@3.9/Frameworks/Python.framework/Versions/3.9/lib -lpython3.9 -ldl   -framework CoreFoundation
configure:11255: checking for a sed that does not truncate output
configure:11319: result: /usr/bin/sed
configure:11324: checking for ANSI C header files
configure:11344: gcc -c -Wall -Wmissing-prototypes -Wpointer-arith -Werror=vla -Wendif-labels -Wmissing-format-attribute -Wformat-security -fno-strict-aliasing -fwrapv -Wno-unused-command-line-argument -O3 -isysroot /Applications/Xcode.app/Contents/Developer/Platforms/MacOSX.platform/Developer/SDKs/MacOSX11.1.sdk  -I/Applications/Xcode.app/Contents/Developer/Platforms/MacOSX.platform/Developer/SDKs/MacOSX.sdk/usr/include  conftest.c >&5
configure:11344: $? = 0
configure:11417: gcc -o conftest -Wall -Wmissing-prototypes -Wpointer-arith -Werror=vla -Wendif-labels -Wmissing-format-attribute -Wformat-security -fno-strict-aliasing -fwrapv -Wno-unused-command-line-argument -O3 -isysroot /Applications/Xcode.app/Contents/Developer/Platforms/MacOSX.platform/Developer/SDKs/MacOSX11.1.sdk  -I/Applications/Xcode.app/Contents/Developer/Platforms/MacOSX.platform/Developer/SDKs/MacOSX.sdk/usr/include   -L/Applications/Xcode.app/Contents/Developer/Platforms/MacOSX.platform/Developer/SDKs/MacOSX.sdk/usr/lib  conftest.c  >&5
configure:11417: $? = 0
configure:11417: ./conftest
configure:11417: $? = 0
configure:11428: result: yes
configure:11441: checking for sys/types.h
configure:11441: gcc -c -Wall -Wmissing-prototypes -Wpointer-arith -Werror=vla -Wendif-labels -Wmissing-format-attribute -Wformat-security -fno-strict-aliasing -fwrapv -Wno-unused-command-line-argument -O3 -isysroot /Applications/Xcode.app/Contents/Developer/Platforms/MacOSX.platform/Developer/SDKs/MacOSX11.1.sdk  -I/Applications/Xcode.app/Contents/Developer/Platforms/MacOSX.platform/Developer/SDKs/MacOSX.sdk/usr/include  conftest.c >&5
configure:11441: $? = 0
configure:11441: result: yes
configure:11441: checking for sys/stat.h
configure:11441: gcc -c -Wall -Wmissing-prototypes -Wpointer-arith -Werror=vla -Wendif-labels -Wmissing-format-attribute -Wformat-security -fno-strict-aliasing -fwrapv -Wno-unused-command-line-argument -O3 -isysroot /Applications/Xcode.app/Contents/Developer/Platforms/MacOSX.platform/Developer/SDKs/MacOSX11.1.sdk  -I/Applications/Xcode.app/Contents/Developer/Platforms/MacOSX.platform/Developer/SDKs/MacOSX.sdk/usr/include  conftest.c >&5
configure:11441: $? = 0
configure:11441: result: yes
configure:11441: checking for stdlib.h
configure:11441: gcc -c -Wall -Wmissing-prototypes -Wpointer-arith -Werror=vla -Wendif-labels -Wmissing-format-attribute -Wformat-security -fno-strict-aliasing -fwrapv -Wno-unused-command-line-argument -O3 -isysroot /Applications/Xcode.app/Contents/Developer/Platforms/MacOSX.platform/Developer/SDKs/MacOSX11.1.sdk  -I/Applications/Xcode.app/Contents/Developer/Platforms/MacOSX.platform/Developer/SDKs/MacOSX.sdk/usr/include  conftest.c >&5
configure:11441: $? = 0
configure:11441: result: yes
configure:11441: checking for string.h
configure:11441: gcc -c -Wall -Wmissing-prototypes -Wpointer-arith -Werror=vla -Wendif-labels -Wmissing-format-attribute -Wformat-security -fno-strict-aliasing -fwrapv -Wno-unused-command-line-argument -O3 -isysroot /Applications/Xcode.app/Contents/Developer/Platforms/MacOSX.platform/Developer/SDKs/MacOSX11.1.sdk  -I/Applications/Xcode.app/Contents/Developer/Platforms/MacOSX.platform/Developer/SDKs/MacOSX.sdk/usr/include  conftest.c >&5
configure:11441: $? = 0
configure:11441: result: yes
configure:11441: checking for memory.h
configure:11441: gcc -c -Wall -Wmissing-prototypes -Wpointer-arith -Werror=vla -Wendif-labels -Wmissing-format-attribute -Wformat-security -fno-strict-aliasing -fwrapv -Wno-unused-command-line-argument -O3 -isysroot /Applications/Xcode.app/Contents/Developer/Platforms/MacOSX.platform/Developer/SDKs/MacOSX11.1.sdk  -I/Applications/Xcode.app/Contents/Developer/Platforms/MacOSX.platform/Developer/SDKs/MacOSX.sdk/usr/include  conftest.c >&5
configure:11441: $? = 0
configure:11441: result: yes
configure:11441: checking for strings.h
configure:11441: gcc -c -Wall -Wmissing-prototypes -Wpointer-arith -Werror=vla -Wendif-labels -Wmissing-format-attribute -Wformat-security -fno-strict-aliasing -fwrapv -Wno-unused-command-line-argument -O3 -isysroot /Applications/Xcode.app/Contents/Developer/Platforms/MacOSX.platform/Developer/SDKs/MacOSX11.1.sdk  -I/Applications/Xcode.app/Contents/Developer/Platforms/MacOSX.platform/Developer/SDKs/MacOSX.sdk/usr/include  conftest.c >&5
configure:11441: $? = 0
configure:11441: result: yes
configure:11441: checking for inttypes.h
configure:11441: gcc -c -Wall -Wmissing-prototypes -Wpointer-arith -Werror=vla -Wendif-labels -Wmissing-format-attribute -Wformat-security -fno-strict-aliasing -fwrapv -Wno-unused-command-line-argument -O3 -isysroot /Applications/Xcode.app/Contents/Developer/Platforms/MacOSX.platform/Developer/SDKs/MacOSX11.1.sdk  -I/Applications/Xcode.app/Contents/Developer/Platforms/MacOSX.platform/Developer/SDKs/MacOSX.sdk/usr/include  conftest.c >&5
configure:11441: $? = 0
configure:11441: result: yes
configure:11441: checking for stdint.h
configure:11441: gcc -c -Wall -Wmissing-prototypes -Wpointer-arith -Werror=vla -Wendif-labels -Wmissing-format-attribute -Wformat-security -fno-strict-aliasing -fwrapv -Wno-unused-command-line-argument -O3 -isysroot /Applications/Xcode.app/Contents/Developer/Platforms/MacOSX.platform/Developer/SDKs/MacOSX11.1.sdk  -I/Applications/Xcode.app/Contents/Developer/Platforms/MacOSX.platform/Developer/SDKs/MacOSX.sdk/usr/include  conftest.c >&5
configure:11441: $? = 0
configure:11441: result: yes
configure:11441: checking for unistd.h
configure:11441: gcc -c -Wall -Wmissing-prototypes -Wpointer-arith -Werror=vla -Wendif-labels -Wmissing-format-attribute -Wformat-security -fno-strict-aliasing -fwrapv -Wno-unused-command-line-argument -O3 -isysroot /Applications/Xcode.app/Contents/Developer/Platforms/MacOSX.platform/Developer/SDKs/MacOSX11.1.sdk  -I/Applications/Xcode.app/Contents/Developer/Platforms/MacOSX.platform/Developer/SDKs/MacOSX.sdk/usr/include  conftest.c >&5
configure:11441: $? = 0
configure:11441: result: yes
configure:11638: checking whether gcc is Clang
configure:11663: result: yes
configure:11710: checking whether Clang needs flag to prevent "argument unused" warning when linking with -pthread
configure:11735: gcc -o conftest -Werror -Wunknown-warning-option  -pthread -Wall -Wmissing-prototypes -Wpointer-arith -Werror=vla -Wendif-labels -Wmissing-format-attribute -Wformat-security -fno-strict-aliasing -fwrapv -Wno-unused-command-line-argument -O3 -isysroot /Applications/Xcode.app/Contents/Developer/Platforms/MacOSX.platform/Developer/SDKs/MacOSX11.1.sdk  -I/Applications/Xcode.app/Contents/Developer/Platforms/MacOSX.platform/Developer/SDKs/MacOSX.sdk/usr/include   -L/Applications/Xcode.app/Contents/Developer/Platforms/MacOSX.platform/Developer/SDKs/MacOSX.sdk/usr/lib  conftest.c  >&5
configure:11735: $? = 0
configure:11741: (gcc -c -Werror -Wunknown-warning-option  -pthread -Wall -Wmissing-prototypes -Wpointer-arith -Werror=vla -Wendif-labels -Wmissing-format-attribute -Wformat-security -fno-strict-aliasing -fwrapv -Wno-unused-command-line-argument -O3 -isysroot /Applications/Xcode.app/Contents/Developer/Platforms/MacOSX.platform/Developer/SDKs/MacOSX11.1.sdk  -I/Applications/Xcode.app/Contents/Developer/Platforms/MacOSX.platform/Developer/SDKs/MacOSX.sdk/usr/include  conftest.c >&5) && (echo ==== >&5) && (gcc -o conftest -Werror -Wunknown-warning-option  -pthread -Wall -Wmissing-prototypes -Wpointer-arith -Werror=vla -Wendif-labels -Wmissing-format-attribute -Wformat-security -fno-strict-aliasing -fwrapv -Wno-unused-command-line-argument -O3 -isysroot /Applications/Xcode.app/Contents/Developer/Platforms/MacOSX.platform/Developer/SDKs/MacOSX11.1.sdk  -I/Applications/Xcode.app/Contents/Developer/Platforms/MacOSX.platform/Developer/SDKs/MacOSX.sdk/usr/include   -L/Applications/Xcode.app/Contents/Developer/Platforms/MacOSX.platform/Developer/SDKs/MacOSX.sdk/usr/lib  conftest.o  >&5)
====
configure:11741: $? = 0
configure:11759: result: no
configure:11908: checking for joinable pthread attribute
configure:11926: gcc -o conftest -Wall -Wmissing-prototypes -Wpointer-arith -Werror=vla -Wendif-labels -Wmissing-format-attribute -Wformat-security -fno-strict-aliasing -fwrapv -Wno-unused-command-line-argument -O3 -pthread -isysroot /Applications/Xcode.app/Contents/Developer/Platforms/MacOSX.platform/Developer/SDKs/MacOSX11.1.sdk  -I/Applications/Xcode.app/Contents/Developer/Platforms/MacOSX.platform/Developer/SDKs/MacOSX.sdk/usr/include   -L/Applications/Xcode.app/Contents/Developer/Platforms/MacOSX.platform/Developer/SDKs/MacOSX.sdk/usr/lib  conftest.c   >&5
configure:11926: $? = 0
configure:11934: result: PTHREAD_CREATE_JOINABLE
configure:11948: checking whether more special flags are required for pthreads
configure:11961: result: no
configure:11969: checking for PTHREAD_PRIO_INHERIT
configure:11985: gcc -o conftest -Wall -Wmissing-prototypes -Wpointer-arith -Werror=vla -Wendif-labels -Wmissing-format-attribute -Wformat-security -fno-strict-aliasing -fwrapv -Wno-unused-command-line-argument -O3 -pthread -isysroot /Applications/Xcode.app/Contents/Developer/Platforms/MacOSX.platform/Developer/SDKs/MacOSX11.1.sdk  -I/Applications/Xcode.app/Contents/Developer/Platforms/MacOSX.platform/Developer/SDKs/MacOSX.sdk/usr/include   -L/Applications/Xcode.app/Contents/Developer/Platforms/MacOSX.platform/Developer/SDKs/MacOSX.sdk/usr/lib  conftest.c   >&5
conftest.c:39:5: warning: unused variable 'i' [-Wunused-variable]
int i = PTHREAD_PRIO_INHERIT;
    ^
1 warning generated.
configure:11985: $? = 0
configure:11994: result: yes
configure:12108: checking pthread.h usability
configure:12108: gcc -c -Wall -Wmissing-prototypes -Wpointer-arith -Werror=vla -Wendif-labels -Wmissing-format-attribute -Wformat-security -fno-strict-aliasing -fwrapv -Wno-unused-command-line-argument -O3 -pthread -D_REENTRANT -D_THREAD_SAFE -D_POSIX_PTHREAD_SEMANTICS -isysroot /Applications/Xcode.app/Contents/Developer/Platforms/MacOSX.platform/Developer/SDKs/MacOSX11.1.sdk  -I/Applications/Xcode.app/Contents/Developer/Platforms/MacOSX.platform/Developer/SDKs/MacOSX.sdk/usr/include  conftest.c >&5
configure:12108: $? = 0
configure:12108: result: yes
configure:12108: checking pthread.h presence
configure:12108: gcc -E -isysroot /Applications/Xcode.app/Contents/Developer/Platforms/MacOSX.platform/Developer/SDKs/MacOSX11.1.sdk  -I/Applications/Xcode.app/Contents/Developer/Platforms/MacOSX.platform/Developer/SDKs/MacOSX.sdk/usr/include  conftest.c
configure:12108: $? = 0
configure:12108: result: yes
configure:12108: checking for pthread.h
configure:12108: result: yes
configure:12121: checking for strerror_r
configure:12121: gcc -o conftest -Wall -Wmissing-prototypes -Wpointer-arith -Werror=vla -Wendif-labels -Wmissing-format-attribute -Wformat-security -fno-strict-aliasing -fwrapv -Wno-unused-command-line-argument -O3 -pthread -D_REENTRANT -D_THREAD_SAFE -D_POSIX_PTHREAD_SEMANTICS -isysroot /Applications/Xcode.app/Contents/Developer/Platforms/MacOSX.platform/Developer/SDKs/MacOSX11.1.sdk  -I/Applications/Xcode.app/Contents/Developer/Platforms/MacOSX.platform/Developer/SDKs/MacOSX.sdk/usr/include   -L/Applications/Xcode.app/Contents/Developer/Platforms/MacOSX.platform/Developer/SDKs/MacOSX.sdk/usr/lib  conftest.c   >&5
configure:12121: $? = 0
configure:12121: result: yes
configure:12121: checking for getpwuid_r
configure:12121: gcc -o conftest -Wall -Wmissing-prototypes -Wpointer-arith -Werror=vla -Wendif-labels -Wmissing-format-attribute -Wformat-security -fno-strict-aliasing -fwrapv -Wno-unused-command-line-argument -O3 -pthread -D_REENTRANT -D_THREAD_SAFE -D_POSIX_PTHREAD_SEMANTICS -isysroot /Applications/Xcode.app/Contents/Developer/Platforms/MacOSX.platform/Developer/SDKs/MacOSX11.1.sdk  -I/Applications/Xcode.app/Contents/Developer/Platforms/MacOSX.platform/Developer/SDKs/MacOSX.sdk/usr/include   -L/Applications/Xcode.app/Contents/Developer/Platforms/MacOSX.platform/Developer/SDKs/MacOSX.sdk/usr/lib  conftest.c   >&5
configure:12121: $? = 0
configure:12121: result: yes
configure:12121: checking for gethostbyname_r
configure:12121: gcc -o conftest -Wall -Wmissing-prototypes -Wpointer-arith -Werror=vla -Wendif-labels -Wmissing-format-attribute -Wformat-security -fno-strict-aliasing -fwrapv -Wno-unused-command-line-argument -O3 -pthread -D_REENTRANT -D_THREAD_SAFE -D_POSIX_PTHREAD_SEMANTICS -isysroot /Applications/Xcode.app/Contents/Developer/Platforms/MacOSX.platform/Developer/SDKs/MacOSX11.1.sdk  -I/Applications/Xcode.app/Contents/Developer/Platforms/MacOSX.platform/Developer/SDKs/MacOSX.sdk/usr/include   -L/Applications/Xcode.app/Contents/Developer/Platforms/MacOSX.platform/Developer/SDKs/MacOSX.sdk/usr/lib  conftest.c   >&5
Undefined symbols for architecture arm64:
  "_gethostbyname_r", referenced from:
      _main in conftest-ea8173.o
ld: symbol(s) not found for architecture arm64
clang: error: linker command failed with exit code 1 (use -v to see invocation)
configure:12121: $? = 1
configure: failed program was:
| /* confdefs.h */
| #define PACKAGE_NAME "Greenplum Database"
| #define PACKAGE_TARNAME "greenplum-database"
| #define PACKAGE_VERSION "7.0.0-alpha.0"
| #define PACKAGE_STRING "Greenplum Database 7.0.0-alpha.0"
| #define PACKAGE_BUGREPORT "support@greenplum.org"
| #define PACKAGE_URL ""
| #define PG_MAJORVERSION "12"
| #define PG_VERSION "12beta2"
| #define DEF_PGPORT 5432
| #define DEF_PGPORT_STR "5432"
| #define FAULT_INJECTOR 1
| #define BLCKSZ 32768
| #define RELSEG_SIZE 32768
| #define XLOG_BLCKSZ 32768
| #define USE_ORCA 1
| #define GPOS_Darwin 1
| #define HAVE_CXX14 1
| #define ENABLE_THREAD_SAFETY 1
| #define ENABLE_GSS 1
| #define PG_KRB_SRVNAM "postgres"
| #define USE_LIBXML 1
| #define USE_ZSTD 1
| #define STDC_HEADERS 1
| #define HAVE_SYS_TYPES_H 1
| #define HAVE_SYS_STAT_H 1
| #define HAVE_STDLIB_H 1
| #define HAVE_STRING_H 1
| #define HAVE_MEMORY_H 1
| #define HAVE_STRINGS_H 1
| #define HAVE_INTTYPES_H 1
| #define HAVE_STDINT_H 1
| #define HAVE_UNISTD_H 1
| #define HAVE_PTHREAD_PRIO_INHERIT 1
| #define HAVE_PTHREAD 1
| #define HAVE_STRERROR_R 1
| #define HAVE_GETPWUID_R 1
| /* end confdefs.h.  */
| /* Define gethostbyname_r to an innocuous variant, in case <limits.h> declares gethostbyname_r.
|    For example, HP-UX 11i <limits.h> declares gettimeofday.  */
| #define gethostbyname_r innocuous_gethostbyname_r
| 
| /* System header to define __stub macros and hopefully few prototypes,
|     which can conflict with char gethostbyname_r (); below.
|     Prefer <limits.h> to <assert.h> if __STDC__ is defined, since
|     <limits.h> exists even on freestanding compilers.  */
| 
| #ifdef __STDC__
| # include <limits.h>
| #else
| # include <assert.h>
| #endif
| 
| #undef gethostbyname_r
| 
| /* Override any GCC internal prototype to avoid an error.
|    Use char because int might match the return type of a GCC
|    builtin and then its argument prototype would still apply.  */
| #ifdef __cplusplus
| extern "C"
| #endif
| char gethostbyname_r ();
| /* The GNU C library defines this for functions which it implements
|     to always fail with ENOSYS.  Some functions are actually named
|     something starting with __ and the normal name is an alias.  */
| #if defined __stub_gethostbyname_r || defined __stub___gethostbyname_r
| choke me
| #endif
| 
| int
| main ()
| {
| return gethostbyname_r ();
|   ;
|   return 0;
| }
configure:12121: result: no
configure:12132: checking whether strerror_r returns int
configure:12151: gcc -c -Wall -Wmissing-prototypes -Wpointer-arith -Werror=vla -Wendif-labels -Wmissing-format-attribute -Wformat-security -fno-strict-aliasing -fwrapv -Wno-unused-command-line-argument -O3 -pthread -D_REENTRANT -D_THREAD_SAFE -D_POSIX_PTHREAD_SEMANTICS -isysroot /Applications/Xcode.app/Contents/Developer/Platforms/MacOSX.platform/Developer/SDKs/MacOSX11.1.sdk  -I/Applications/Xcode.app/Contents/Developer/Platforms/MacOSX.platform/Developer/SDKs/MacOSX.sdk/usr/include  conftest.c >&5
configure:12151: $? = 0
configure:12158: result: yes
configure:12192: checking for main in -lm
configure:12211: gcc -o conftest -Wall -Wmissing-prototypes -Wpointer-arith -Werror=vla -Wendif-labels -Wmissing-format-attribute -Wformat-security -fno-strict-aliasing -fwrapv -Wno-unused-command-line-argument -O3 -isysroot /Applications/Xcode.app/Contents/Developer/Platforms/MacOSX.platform/Developer/SDKs/MacOSX11.1.sdk  -I/Applications/Xcode.app/Contents/Developer/Platforms/MacOSX.platform/Developer/SDKs/MacOSX.sdk/usr/include   -L/Applications/Xcode.app/Contents/Developer/Platforms/MacOSX.platform/Developer/SDKs/MacOSX.sdk/usr/lib  conftest.c -lm   >&5
conftest.c:44:1: warning: all paths through this function will call itself [-Winfinite-recursion]
{
^
1 warning generated.
configure:12211: $? = 0
configure:12220: result: yes
configure:12231: checking for library containing setproctitle
configure:12262: gcc -o conftest -Wall -Wmissing-prototypes -Wpointer-arith -Werror=vla -Wendif-labels -Wmissing-format-attribute -Wformat-security -fno-strict-aliasing -fwrapv -Wno-unused-command-line-argument -O3 -isysroot /Applications/Xcode.app/Contents/Developer/Platforms/MacOSX.platform/Developer/SDKs/MacOSX11.1.sdk  -I/Applications/Xcode.app/Contents/Developer/Platforms/MacOSX.platform/Developer/SDKs/MacOSX.sdk/usr/include   -L/Applications/Xcode.app/Contents/Developer/Platforms/MacOSX.platform/Developer/SDKs/MacOSX.sdk/usr/lib  conftest.c -lm  >&5
Undefined symbols for architecture arm64:
  "_setproctitle", referenced from:
      _main in conftest-cd5188.o
ld: symbol(s) not found for architecture arm64
clang: error: linker command failed with exit code 1 (use -v to see invocation)
configure:12262: $? = 1
configure: failed program was:
| /* confdefs.h */
| #define PACKAGE_NAME "Greenplum Database"
| #define PACKAGE_TARNAME "greenplum-database"
| #define PACKAGE_VERSION "7.0.0-alpha.0"
| #define PACKAGE_STRING "Greenplum Database 7.0.0-alpha.0"
| #define PACKAGE_BUGREPORT "support@greenplum.org"
| #define PACKAGE_URL ""
| #define PG_MAJORVERSION "12"
| #define PG_VERSION "12beta2"
| #define DEF_PGPORT 5432
| #define DEF_PGPORT_STR "5432"
| #define FAULT_INJECTOR 1
| #define BLCKSZ 32768
| #define RELSEG_SIZE 32768
| #define XLOG_BLCKSZ 32768
| #define USE_ORCA 1
| #define GPOS_Darwin 1
| #define HAVE_CXX14 1
| #define ENABLE_THREAD_SAFETY 1
| #define ENABLE_GSS 1
| #define PG_KRB_SRVNAM "postgres"
| #define USE_LIBXML 1
| #define USE_ZSTD 1
| #define STDC_HEADERS 1
| #define HAVE_SYS_TYPES_H 1
| #define HAVE_SYS_STAT_H 1
| #define HAVE_STDLIB_H 1
| #define HAVE_STRING_H 1
| #define HAVE_MEMORY_H 1
| #define HAVE_STRINGS_H 1
| #define HAVE_INTTYPES_H 1
| #define HAVE_STDINT_H 1
| #define HAVE_UNISTD_H 1
| #define HAVE_PTHREAD_PRIO_INHERIT 1
| #define HAVE_PTHREAD 1
| #define HAVE_STRERROR_R 1
| #define HAVE_GETPWUID_R 1
| #define STRERROR_R_INT 1
| #define HAVE_LIBM 1
| /* end confdefs.h.  */
| 
| /* Override any GCC internal prototype to avoid an error.
|    Use char because int might match the return type of a GCC
|    builtin and then its argument prototype would still apply.  */
| #ifdef __cplusplus
| extern "C"
| #endif
| char setproctitle ();
| int
| main ()
| {
| return setproctitle ();
|   ;
|   return 0;
| }
configure:12262: gcc -o conftest -Wall -Wmissing-prototypes -Wpointer-arith -Werror=vla -Wendif-labels -Wmissing-format-attribute -Wformat-security -fno-strict-aliasing -fwrapv -Wno-unused-command-line-argument -O3 -isysroot /Applications/Xcode.app/Contents/Developer/Platforms/MacOSX.platform/Developer/SDKs/MacOSX11.1.sdk  -I/Applications/Xcode.app/Contents/Developer/Platforms/MacOSX.platform/Developer/SDKs/MacOSX.sdk/usr/include   -L/Applications/Xcode.app/Contents/Developer/Platforms/MacOSX.platform/Developer/SDKs/MacOSX.sdk/usr/lib  conftest.c -lutil  -lm  >&5
Undefined symbols for architecture arm64:
  "_setproctitle", referenced from:
      _main in conftest-3d1f6e.o
ld: symbol(s) not found for architecture arm64
clang: error: linker command failed with exit code 1 (use -v to see invocation)
configure:12262: $? = 1
configure: failed program was:
| /* confdefs.h */
| #define PACKAGE_NAME "Greenplum Database"
| #define PACKAGE_TARNAME "greenplum-database"
| #define PACKAGE_VERSION "7.0.0-alpha.0"
| #define PACKAGE_STRING "Greenplum Database 7.0.0-alpha.0"
| #define PACKAGE_BUGREPORT "support@greenplum.org"
| #define PACKAGE_URL ""
| #define PG_MAJORVERSION "12"
| #define PG_VERSION "12beta2"
| #define DEF_PGPORT 5432
| #define DEF_PGPORT_STR "5432"
| #define FAULT_INJECTOR 1
| #define BLCKSZ 32768
| #define RELSEG_SIZE 32768
| #define XLOG_BLCKSZ 32768
| #define USE_ORCA 1
| #define GPOS_Darwin 1
| #define HAVE_CXX14 1
| #define ENABLE_THREAD_SAFETY 1
| #define ENABLE_GSS 1
| #define PG_KRB_SRVNAM "postgres"
| #define USE_LIBXML 1
| #define USE_ZSTD 1
| #define STDC_HEADERS 1
| #define HAVE_SYS_TYPES_H 1
| #define HAVE_SYS_STAT_H 1
| #define HAVE_STDLIB_H 1
| #define HAVE_STRING_H 1
| #define HAVE_MEMORY_H 1
| #define HAVE_STRINGS_H 1
| #define HAVE_INTTYPES_H 1
| #define HAVE_STDINT_H 1
| #define HAVE_UNISTD_H 1
| #define HAVE_PTHREAD_PRIO_INHERIT 1
| #define HAVE_PTHREAD 1
| #define HAVE_STRERROR_R 1
| #define HAVE_GETPWUID_R 1
| #define STRERROR_R_INT 1
| #define HAVE_LIBM 1
| /* end confdefs.h.  */
| 
| /* Override any GCC internal prototype to avoid an error.
|    Use char because int might match the return type of a GCC
|    builtin and then its argument prototype would still apply.  */
| #ifdef __cplusplus
| extern "C"
| #endif
| char setproctitle ();
| int
| main ()
| {
| return setproctitle ();
|   ;
|   return 0;
| }
configure:12279: result: no
configure:12287: checking for library containing dlopen
configure:12318: gcc -o conftest -Wall -Wmissing-prototypes -Wpointer-arith -Werror=vla -Wendif-labels -Wmissing-format-attribute -Wformat-security -fno-strict-aliasing -fwrapv -Wno-unused-command-line-argument -O3 -isysroot /Applications/Xcode.app/Contents/Developer/Platforms/MacOSX.platform/Developer/SDKs/MacOSX11.1.sdk  -I/Applications/Xcode.app/Contents/Developer/Platforms/MacOSX.platform/Developer/SDKs/MacOSX.sdk/usr/include   -L/Applications/Xcode.app/Contents/Developer/Platforms/MacOSX.platform/Developer/SDKs/MacOSX.sdk/usr/lib  conftest.c -lm  >&5
configure:12318: $? = 0
configure:12335: result: none required
configure:12343: checking for library containing socket
configure:12374: gcc -o conftest -Wall -Wmissing-prototypes -Wpointer-arith -Werror=vla -Wendif-labels -Wmissing-format-attribute -Wformat-security -fno-strict-aliasing -fwrapv -Wno-unused-command-line-argument -O3 -isysroot /Applications/Xcode.app/Contents/Developer/Platforms/MacOSX.platform/Developer/SDKs/MacOSX11.1.sdk  -I/Applications/Xcode.app/Contents/Developer/Platforms/MacOSX.platform/Developer/SDKs/MacOSX.sdk/usr/include   -L/Applications/Xcode.app/Contents/Developer/Platforms/MacOSX.platform/Developer/SDKs/MacOSX.sdk/usr/lib  conftest.c -lm  >&5
configure:12374: $? = 0
configure:12391: result: none required
configure:12399: checking for library containing shl_load
configure:12430: gcc -o conftest -Wall -Wmissing-prototypes -Wpointer-arith -Werror=vla -Wendif-labels -Wmissing-format-attribute -Wformat-security -fno-strict-aliasing -fwrapv -Wno-unused-command-line-argument -O3 -isysroot /Applications/Xcode.app/Contents/Developer/Platforms/MacOSX.platform/Developer/SDKs/MacOSX11.1.sdk  -I/Applications/Xcode.app/Contents/Developer/Platforms/MacOSX.platform/Developer/SDKs/MacOSX.sdk/usr/include   -L/Applications/Xcode.app/Contents/Developer/Platforms/MacOSX.platform/Developer/SDKs/MacOSX.sdk/usr/lib  conftest.c -lm  >&5
Undefined symbols for architecture arm64:
  "_shl_load", referenced from:
      _main in conftest-f83478.o
ld: symbol(s) not found for architecture arm64
clang: error: linker command failed with exit code 1 (use -v to see invocation)
configure:12430: $? = 1
configure: failed program was:
| /* confdefs.h */
| #define PACKAGE_NAME "Greenplum Database"
| #define PACKAGE_TARNAME "greenplum-database"
| #define PACKAGE_VERSION "7.0.0-alpha.0"
| #define PACKAGE_STRING "Greenplum Database 7.0.0-alpha.0"
| #define PACKAGE_BUGREPORT "support@greenplum.org"
| #define PACKAGE_URL ""
| #define PG_MAJORVERSION "12"
| #define PG_VERSION "12beta2"
| #define DEF_PGPORT 5432
| #define DEF_PGPORT_STR "5432"
| #define FAULT_INJECTOR 1
| #define BLCKSZ 32768
| #define RELSEG_SIZE 32768
| #define XLOG_BLCKSZ 32768
| #define USE_ORCA 1
| #define GPOS_Darwin 1
| #define HAVE_CXX14 1
| #define ENABLE_THREAD_SAFETY 1
| #define ENABLE_GSS 1
| #define PG_KRB_SRVNAM "postgres"
| #define USE_LIBXML 1
| #define USE_ZSTD 1
| #define STDC_HEADERS 1
| #define HAVE_SYS_TYPES_H 1
| #define HAVE_SYS_STAT_H 1
| #define HAVE_STDLIB_H 1
| #define HAVE_STRING_H 1
| #define HAVE_MEMORY_H 1
| #define HAVE_STRINGS_H 1
| #define HAVE_INTTYPES_H 1
| #define HAVE_STDINT_H 1
| #define HAVE_UNISTD_H 1
| #define HAVE_PTHREAD_PRIO_INHERIT 1
| #define HAVE_PTHREAD 1
| #define HAVE_STRERROR_R 1
| #define HAVE_GETPWUID_R 1
| #define STRERROR_R_INT 1
| #define HAVE_LIBM 1
| /* end confdefs.h.  */
| 
| /* Override any GCC internal prototype to avoid an error.
|    Use char because int might match the return type of a GCC
|    builtin and then its argument prototype would still apply.  */
| #ifdef __cplusplus
| extern "C"
| #endif
| char shl_load ();
| int
| main ()
| {
| return shl_load ();
|   ;
|   return 0;
| }
configure:12430: gcc -o conftest -Wall -Wmissing-prototypes -Wpointer-arith -Werror=vla -Wendif-labels -Wmissing-format-attribute -Wformat-security -fno-strict-aliasing -fwrapv -Wno-unused-command-line-argument -O3 -isysroot /Applications/Xcode.app/Contents/Developer/Platforms/MacOSX.platform/Developer/SDKs/MacOSX11.1.sdk  -I/Applications/Xcode.app/Contents/Developer/Platforms/MacOSX.platform/Developer/SDKs/MacOSX.sdk/usr/include   -L/Applications/Xcode.app/Contents/Developer/Platforms/MacOSX.platform/Developer/SDKs/MacOSX.sdk/usr/lib  conftest.c -ldld  -lm  >&5
ld: library not found for -ldld
clang: error: linker command failed with exit code 1 (use -v to see invocation)
configure:12430: $? = 1
configure: failed program was:
| /* confdefs.h */
| #define PACKAGE_NAME "Greenplum Database"
| #define PACKAGE_TARNAME "greenplum-database"
| #define PACKAGE_VERSION "7.0.0-alpha.0"
| #define PACKAGE_STRING "Greenplum Database 7.0.0-alpha.0"
| #define PACKAGE_BUGREPORT "support@greenplum.org"
| #define PACKAGE_URL ""
| #define PG_MAJORVERSION "12"
| #define PG_VERSION "12beta2"
| #define DEF_PGPORT 5432
| #define DEF_PGPORT_STR "5432"
| #define FAULT_INJECTOR 1
| #define BLCKSZ 32768
| #define RELSEG_SIZE 32768
| #define XLOG_BLCKSZ 32768
| #define USE_ORCA 1
| #define GPOS_Darwin 1
| #define HAVE_CXX14 1
| #define ENABLE_THREAD_SAFETY 1
| #define ENABLE_GSS 1
| #define PG_KRB_SRVNAM "postgres"
| #define USE_LIBXML 1
| #define USE_ZSTD 1
| #define STDC_HEADERS 1
| #define HAVE_SYS_TYPES_H 1
| #define HAVE_SYS_STAT_H 1
| #define HAVE_STDLIB_H 1
| #define HAVE_STRING_H 1
| #define HAVE_MEMORY_H 1
| #define HAVE_STRINGS_H 1
| #define HAVE_INTTYPES_H 1
| #define HAVE_STDINT_H 1
| #define HAVE_UNISTD_H 1
| #define HAVE_PTHREAD_PRIO_INHERIT 1
| #define HAVE_PTHREAD 1
| #define HAVE_STRERROR_R 1
| #define HAVE_GETPWUID_R 1
| #define STRERROR_R_INT 1
| #define HAVE_LIBM 1
| /* end confdefs.h.  */
| 
| /* Override any GCC internal prototype to avoid an error.
|    Use char because int might match the return type of a GCC
|    builtin and then its argument prototype would still apply.  */
| #ifdef __cplusplus
| extern "C"
| #endif
| char shl_load ();
| int
| main ()
| {
| return shl_load ();
|   ;
|   return 0;
| }
configure:12447: result: no
configure:12455: checking for library containing getopt_long
configure:12486: gcc -o conftest -Wall -Wmissing-prototypes -Wpointer-arith -Werror=vla -Wendif-labels -Wmissing-format-attribute -Wformat-security -fno-strict-aliasing -fwrapv -Wno-unused-command-line-argument -O3 -isysroot /Applications/Xcode.app/Contents/Developer/Platforms/MacOSX.platform/Developer/SDKs/MacOSX11.1.sdk  -I/Applications/Xcode.app/Contents/Developer/Platforms/MacOSX.platform/Developer/SDKs/MacOSX.sdk/usr/include   -L/Applications/Xcode.app/Contents/Developer/Platforms/MacOSX.platform/Developer/SDKs/MacOSX.sdk/usr/lib  conftest.c -lm  >&5
configure:12486: $? = 0
configure:12503: result: none required
configure:12511: checking for library containing crypt
configure:12542: gcc -o conftest -Wall -Wmissing-prototypes -Wpointer-arith -Werror=vla -Wendif-labels -Wmissing-format-attribute -Wformat-security -fno-strict-aliasing -fwrapv -Wno-unused-command-line-argument -O3 -isysroot /Applications/Xcode.app/Contents/Developer/Platforms/MacOSX.platform/Developer/SDKs/MacOSX11.1.sdk  -I/Applications/Xcode.app/Contents/Developer/Platforms/MacOSX.platform/Developer/SDKs/MacOSX.sdk/usr/include   -L/Applications/Xcode.app/Contents/Developer/Platforms/MacOSX.platform/Developer/SDKs/MacOSX.sdk/usr/lib  conftest.c -lm  >&5
configure:12542: $? = 0
configure:12559: result: none required
configure:12567: checking for library containing shm_open
configure:12598: gcc -o conftest -Wall -Wmissing-prototypes -Wpointer-arith -Werror=vla -Wendif-labels -Wmissing-format-attribute -Wformat-security -fno-strict-aliasing -fwrapv -Wno-unused-command-line-argument -O3 -isysroot /Applications/Xcode.app/Contents/Developer/Platforms/MacOSX.platform/Developer/SDKs/MacOSX11.1.sdk  -I/Applications/Xcode.app/Contents/Developer/Platforms/MacOSX.platform/Developer/SDKs/MacOSX.sdk/usr/include   -L/Applications/Xcode.app/Contents/Developer/Platforms/MacOSX.platform/Developer/SDKs/MacOSX.sdk/usr/lib  conftest.c -lm  >&5
configure:12598: $? = 0
configure:12615: result: none required
configure:12623: checking for library containing shm_unlink
configure:12654: gcc -o conftest -Wall -Wmissing-prototypes -Wpointer-arith -Werror=vla -Wendif-labels -Wmissing-format-attribute -Wformat-security -fno-strict-aliasing -fwrapv -Wno-unused-command-line-argument -O3 -isysroot /Applications/Xcode.app/Contents/Developer/Platforms/MacOSX.platform/Developer/SDKs/MacOSX11.1.sdk  -I/Applications/Xcode.app/Contents/Developer/Platforms/MacOSX.platform/Developer/SDKs/MacOSX.sdk/usr/include   -L/Applications/Xcode.app/Contents/Developer/Platforms/MacOSX.platform/Developer/SDKs/MacOSX.sdk/usr/lib  conftest.c -lm  >&5
configure:12654: $? = 0
configure:12671: result: none required
configure:12679: checking for library containing clock_gettime
configure:12710: gcc -o conftest -Wall -Wmissing-prototypes -Wpointer-arith -Werror=vla -Wendif-labels -Wmissing-format-attribute -Wformat-security -fno-strict-aliasing -fwrapv -Wno-unused-command-line-argument -O3 -isysroot /Applications/Xcode.app/Contents/Developer/Platforms/MacOSX.platform/Developer/SDKs/MacOSX11.1.sdk  -I/Applications/Xcode.app/Contents/Developer/Platforms/MacOSX.platform/Developer/SDKs/MacOSX.sdk/usr/include   -L/Applications/Xcode.app/Contents/Developer/Platforms/MacOSX.platform/Developer/SDKs/MacOSX.sdk/usr/lib  conftest.c -lm  >&5
configure:12710: $? = 0
configure:12727: result: none required
configure:12736: checking for library containing fdatasync
configure:12767: gcc -o conftest -Wall -Wmissing-prototypes -Wpointer-arith -Werror=vla -Wendif-labels -Wmissing-format-attribute -Wformat-security -fno-strict-aliasing -fwrapv -Wno-unused-command-line-argument -O3 -isysroot /Applications/Xcode.app/Contents/Developer/Platforms/MacOSX.platform/Developer/SDKs/MacOSX11.1.sdk  -I/Applications/Xcode.app/Contents/Developer/Platforms/MacOSX.platform/Developer/SDKs/MacOSX.sdk/usr/include   -L/Applications/Xcode.app/Contents/Developer/Platforms/MacOSX.platform/Developer/SDKs/MacOSX.sdk/usr/lib  conftest.c -lm  >&5
configure:12767: $? = 0
configure:12784: result: none required
configure:12793: checking for library containing sched_yield
configure:12824: gcc -o conftest -Wall -Wmissing-prototypes -Wpointer-arith -Werror=vla -Wendif-labels -Wmissing-format-attribute -Wformat-security -fno-strict-aliasing -fwrapv -Wno-unused-command-line-argument -O3 -isysroot /Applications/Xcode.app/Contents/Developer/Platforms/MacOSX.platform/Developer/SDKs/MacOSX11.1.sdk  -I/Applications/Xcode.app/Contents/Developer/Platforms/MacOSX.platform/Developer/SDKs/MacOSX.sdk/usr/include   -L/Applications/Xcode.app/Contents/Developer/Platforms/MacOSX.platform/Developer/SDKs/MacOSX.sdk/usr/lib  conftest.c -lm  >&5
configure:12824: $? = 0
configure:12841: result: none required
configure:12851: checking for library containing gethostbyname_r
configure:12882: gcc -o conftest -Wall -Wmissing-prototypes -Wpointer-arith -Werror=vla -Wendif-labels -Wmissing-format-attribute -Wformat-security -fno-strict-aliasing -fwrapv -Wno-unused-command-line-argument -O3 -isysroot /Applications/Xcode.app/Contents/Developer/Platforms/MacOSX.platform/Developer/SDKs/MacOSX11.1.sdk  -I/Applications/Xcode.app/Contents/Developer/Platforms/MacOSX.platform/Developer/SDKs/MacOSX.sdk/usr/include   -L/Applications/Xcode.app/Contents/Developer/Platforms/MacOSX.platform/Developer/SDKs/MacOSX.sdk/usr/lib  conftest.c -lm  >&5
Undefined symbols for architecture arm64:
  "_gethostbyname_r", referenced from:
      _main in conftest-f502e2.o
ld: symbol(s) not found for architecture arm64
clang: error: linker command failed with exit code 1 (use -v to see invocation)
configure:12882: $? = 1
configure: failed program was:
| /* confdefs.h */
| #define PACKAGE_NAME "Greenplum Database"
| #define PACKAGE_TARNAME "greenplum-database"
| #define PACKAGE_VERSION "7.0.0-alpha.0"
| #define PACKAGE_STRING "Greenplum Database 7.0.0-alpha.0"
| #define PACKAGE_BUGREPORT "support@greenplum.org"
| #define PACKAGE_URL ""
| #define PG_MAJORVERSION "12"
| #define PG_VERSION "12beta2"
| #define DEF_PGPORT 5432
| #define DEF_PGPORT_STR "5432"
| #define FAULT_INJECTOR 1
| #define BLCKSZ 32768
| #define RELSEG_SIZE 32768
| #define XLOG_BLCKSZ 32768
| #define USE_ORCA 1
| #define GPOS_Darwin 1
| #define HAVE_CXX14 1
| #define ENABLE_THREAD_SAFETY 1
| #define ENABLE_GSS 1
| #define PG_KRB_SRVNAM "postgres"
| #define USE_LIBXML 1
| #define USE_ZSTD 1
| #define STDC_HEADERS 1
| #define HAVE_SYS_TYPES_H 1
| #define HAVE_SYS_STAT_H 1
| #define HAVE_STDLIB_H 1
| #define HAVE_STRING_H 1
| #define HAVE_MEMORY_H 1
| #define HAVE_STRINGS_H 1
| #define HAVE_INTTYPES_H 1
| #define HAVE_STDINT_H 1
| #define HAVE_UNISTD_H 1
| #define HAVE_PTHREAD_PRIO_INHERIT 1
| #define HAVE_PTHREAD 1
| #define HAVE_STRERROR_R 1
| #define HAVE_GETPWUID_R 1
| #define STRERROR_R_INT 1
| #define HAVE_LIBM 1
| /* end confdefs.h.  */
| 
| /* Override any GCC internal prototype to avoid an error.
|    Use char because int might match the return type of a GCC
|    builtin and then its argument prototype would still apply.  */
| #ifdef __cplusplus
| extern "C"
| #endif
| char gethostbyname_r ();
| int
| main ()
| {
| return gethostbyname_r ();
|   ;
|   return 0;
| }
configure:12882: gcc -o conftest -Wall -Wmissing-prototypes -Wpointer-arith -Werror=vla -Wendif-labels -Wmissing-format-attribute -Wformat-security -fno-strict-aliasing -fwrapv -Wno-unused-command-line-argument -O3 -isysroot /Applications/Xcode.app/Contents/Developer/Platforms/MacOSX.platform/Developer/SDKs/MacOSX11.1.sdk  -I/Applications/Xcode.app/Contents/Developer/Platforms/MacOSX.platform/Developer/SDKs/MacOSX.sdk/usr/include   -L/Applications/Xcode.app/Contents/Developer/Platforms/MacOSX.platform/Developer/SDKs/MacOSX.sdk/usr/lib  conftest.c -lnsl  -lm  >&5
ld: library not found for -lnsl
clang: error: linker command failed with exit code 1 (use -v to see invocation)
configure:12882: $? = 1
configure: failed program was:
| /* confdefs.h */
| #define PACKAGE_NAME "Greenplum Database"
| #define PACKAGE_TARNAME "greenplum-database"
| #define PACKAGE_VERSION "7.0.0-alpha.0"
| #define PACKAGE_STRING "Greenplum Database 7.0.0-alpha.0"
| #define PACKAGE_BUGREPORT "support@greenplum.org"
| #define PACKAGE_URL ""
| #define PG_MAJORVERSION "12"
| #define PG_VERSION "12beta2"
| #define DEF_PGPORT 5432
| #define DEF_PGPORT_STR "5432"
| #define FAULT_INJECTOR 1
| #define BLCKSZ 32768
| #define RELSEG_SIZE 32768
| #define XLOG_BLCKSZ 32768
| #define USE_ORCA 1
| #define GPOS_Darwin 1
| #define HAVE_CXX14 1
| #define ENABLE_THREAD_SAFETY 1
| #define ENABLE_GSS 1
| #define PG_KRB_SRVNAM "postgres"
| #define USE_LIBXML 1
| #define USE_ZSTD 1
| #define STDC_HEADERS 1
| #define HAVE_SYS_TYPES_H 1
| #define HAVE_SYS_STAT_H 1
| #define HAVE_STDLIB_H 1
| #define HAVE_STRING_H 1
| #define HAVE_MEMORY_H 1
| #define HAVE_STRINGS_H 1
| #define HAVE_INTTYPES_H 1
| #define HAVE_STDINT_H 1
| #define HAVE_UNISTD_H 1
| #define HAVE_PTHREAD_PRIO_INHERIT 1
| #define HAVE_PTHREAD 1
| #define HAVE_STRERROR_R 1
| #define HAVE_GETPWUID_R 1
| #define STRERROR_R_INT 1
| #define HAVE_LIBM 1
| /* end confdefs.h.  */
| 
| /* Override any GCC internal prototype to avoid an error.
|    Use char because int might match the return type of a GCC
|    builtin and then its argument prototype would still apply.  */
| #ifdef __cplusplus
| extern "C"
| #endif
| char gethostbyname_r ();
| int
| main ()
| {
| return gethostbyname_r ();
|   ;
|   return 0;
| }
configure:12899: result: no
configure:12908: checking for library containing shmget
configure:12939: gcc -o conftest -Wall -Wmissing-prototypes -Wpointer-arith -Werror=vla -Wendif-labels -Wmissing-format-attribute -Wformat-security -fno-strict-aliasing -fwrapv -Wno-unused-command-line-argument -O3 -isysroot /Applications/Xcode.app/Contents/Developer/Platforms/MacOSX.platform/Developer/SDKs/MacOSX11.1.sdk  -I/Applications/Xcode.app/Contents/Developer/Platforms/MacOSX.platform/Developer/SDKs/MacOSX.sdk/usr/include   -L/Applications/Xcode.app/Contents/Developer/Platforms/MacOSX.platform/Developer/SDKs/MacOSX.sdk/usr/lib  conftest.c -lm  >&5
configure:12939: $? = 0
configure:12956: result: none required
configure:12965: checking for library containing backtrace_symbols
configure:12996: gcc -o conftest -Wall -Wmissing-prototypes -Wpointer-arith -Werror=vla -Wendif-labels -Wmissing-format-attribute -Wformat-security -fno-strict-aliasing -fwrapv -Wno-unused-command-line-argument -O3 -isysroot /Applications/Xcode.app/Contents/Developer/Platforms/MacOSX.platform/Developer/SDKs/MacOSX11.1.sdk  -I/Applications/Xcode.app/Contents/Developer/Platforms/MacOSX.platform/Developer/SDKs/MacOSX.sdk/usr/include   -L/Applications/Xcode.app/Contents/Developer/Platforms/MacOSX.platform/Developer/SDKs/MacOSX.sdk/usr/lib  conftest.c -lm  >&5
configure:12996: $? = 0
configure:13013: result: none required
configure:13025: checking for library containing readline
configure:13057: gcc -o conftest -Wall -Wmissing-prototypes -Wpointer-arith -Werror=vla -Wendif-labels -Wmissing-format-attribute -Wformat-security -fno-strict-aliasing -fwrapv -Wno-unused-command-line-argument -O3 -isysroot /Applications/Xcode.app/Contents/Developer/Platforms/MacOSX.platform/Developer/SDKs/MacOSX11.1.sdk  -I/Applications/Xcode.app/Contents/Developer/Platforms/MacOSX.platform/Developer/SDKs/MacOSX.sdk/usr/include   -L/Applications/Xcode.app/Contents/Developer/Platforms/MacOSX.platform/Developer/SDKs/MacOSX.sdk/usr/lib  conftest.c -lreadline -lm  >&5
configure:13057: $? = 0
configure:13083: result: -lreadline
configure:13102: checking for inflate in -lz
configure:13127: gcc -o conftest -Wall -Wmissing-prototypes -Wpointer-arith -Werror=vla -Wendif-labels -Wmissing-format-attribute -Wformat-security -fno-strict-aliasing -fwrapv -Wno-unused-command-line-argument -O3 -isysroot /Applications/Xcode.app/Contents/Developer/Platforms/MacOSX.platform/Developer/SDKs/MacOSX11.1.sdk  -I/Applications/Xcode.app/Contents/Developer/Platforms/MacOSX.platform/Developer/SDKs/MacOSX.sdk/usr/include   -L/Applications/Xcode.app/Contents/Developer/Platforms/MacOSX.platform/Developer/SDKs/MacOSX.sdk/usr/lib  conftest.c -lz  -lreadline -lm  >&5
configure:13127: $? = 0
configure:13136: result: yes
configure:13278: checking for library containing gss_init_sec_context
configure:13309: gcc -o conftest -Wall -Wmissing-prototypes -Wpointer-arith -Werror=vla -Wendif-labels -Wmissing-format-attribute -Wformat-security -fno-strict-aliasing -fwrapv -Wno-unused-command-line-argument -O3 -isysroot /Applications/Xcode.app/Contents/Developer/Platforms/MacOSX.platform/Developer/SDKs/MacOSX11.1.sdk  -I/Applications/Xcode.app/Contents/Developer/Platforms/MacOSX.platform/Developer/SDKs/MacOSX.sdk/usr/include   -L/Applications/Xcode.app/Contents/Developer/Platforms/MacOSX.platform/Developer/SDKs/MacOSX.sdk/usr/lib  conftest.c -lz -lreadline -lm  >&5
Undefined symbols for architecture arm64:
  "_gss_init_sec_context", referenced from:
      _main in conftest-8e8b35.o
ld: symbol(s) not found for architecture arm64
clang: error: linker command failed with exit code 1 (use -v to see invocation)
configure:13309: $? = 1
configure: failed program was:
| /* confdefs.h */
| #define PACKAGE_NAME "Greenplum Database"
| #define PACKAGE_TARNAME "greenplum-database"
| #define PACKAGE_VERSION "7.0.0-alpha.0"
| #define PACKAGE_STRING "Greenplum Database 7.0.0-alpha.0"
| #define PACKAGE_BUGREPORT "support@greenplum.org"
| #define PACKAGE_URL ""
| #define PG_MAJORVERSION "12"
| #define PG_VERSION "12beta2"
| #define DEF_PGPORT 5432
| #define DEF_PGPORT_STR "5432"
| #define FAULT_INJECTOR 1
| #define BLCKSZ 32768
| #define RELSEG_SIZE 32768
| #define XLOG_BLCKSZ 32768
| #define USE_ORCA 1
| #define GPOS_Darwin 1
| #define HAVE_CXX14 1
| #define ENABLE_THREAD_SAFETY 1
| #define ENABLE_GSS 1
| #define PG_KRB_SRVNAM "postgres"
| #define USE_LIBXML 1
| #define USE_ZSTD 1
| #define STDC_HEADERS 1
| #define HAVE_SYS_TYPES_H 1
| #define HAVE_SYS_STAT_H 1
| #define HAVE_STDLIB_H 1
| #define HAVE_STRING_H 1
| #define HAVE_MEMORY_H 1
| #define HAVE_STRINGS_H 1
| #define HAVE_INTTYPES_H 1
| #define HAVE_STDINT_H 1
| #define HAVE_UNISTD_H 1
| #define HAVE_PTHREAD_PRIO_INHERIT 1
| #define HAVE_PTHREAD 1
| #define HAVE_STRERROR_R 1
| #define HAVE_GETPWUID_R 1
| #define STRERROR_R_INT 1
| #define HAVE_LIBM 1
| #define HAVE_LIBREADLINE 1
| #define HAVE_LIBZ 1
| #define HAVE_SPINLOCKS 1
| #define HAVE_ATOMICS 1
| /* end confdefs.h.  */
| 
| /* Override any GCC internal prototype to avoid an error.
|    Use char because int might match the return type of a GCC
|    builtin and then its argument prototype would still apply.  */
| #ifdef __cplusplus
| extern "C"
| #endif
| char gss_init_sec_context ();
| int
| main ()
| {
| return gss_init_sec_context ();
|   ;
|   return 0;
| }
configure:13309: gcc -o conftest -Wall -Wmissing-prototypes -Wpointer-arith -Werror=vla -Wendif-labels -Wmissing-format-attribute -Wformat-security -fno-strict-aliasing -fwrapv -Wno-unused-command-line-argument -O3 -isysroot /Applications/Xcode.app/Contents/Developer/Platforms/MacOSX.platform/Developer/SDKs/MacOSX11.1.sdk  -I/Applications/Xcode.app/Contents/Developer/Platforms/MacOSX.platform/Developer/SDKs/MacOSX.sdk/usr/include   -L/Applications/Xcode.app/Contents/Developer/Platforms/MacOSX.platform/Developer/SDKs/MacOSX.sdk/usr/lib  conftest.c -lgssapi_krb5  -lz -lreadline -lm  >&5
configure:13309: $? = 0
configure:13326: result: -lgssapi_krb5
configure:13354: checking for apr-1-config
configure:13372: found /opt/homebrew/opt/apr/bin/apr-1-config
configure:13384: result: /opt/homebrew/opt/apr/bin/apr-1-config
configure:13402: using apr-1-config 1.7.0
configure:13422: checking for library containing apr_getopt_long
configure:13453: gcc -o conftest -Wall -Wmissing-prototypes -Wpointer-arith -Werror=vla -Wendif-labels -Wmissing-format-attribute -Wformat-security -fno-strict-aliasing -fwrapv -Wno-unused-command-line-argument -O3 -isysroot /Applications/Xcode.app/Contents/Developer/Platforms/MacOSX.platform/Developer/SDKs/MacOSX11.1.sdk  -I/Applications/Xcode.app/Contents/Developer/Platforms/MacOSX.platform/Developer/SDKs/MacOSX.sdk/usr/include   -L/Applications/Xcode.app/Contents/Developer/Platforms/MacOSX.platform/Developer/SDKs/MacOSX.sdk/usr/lib  conftest.c -lgssapi_krb5 -lz -lreadline -lm   -L/opt/homebrew/opt/apr/libexec/lib -lapr-1 -lpthread >&5
configure:13453: $? = 0
configure:13470: result: none required
configure:13483: checking for library containing event_add
configure:13514: gcc -o conftest -Wall -Wmissing-prototypes -Wpointer-arith -Werror=vla -Wendif-labels -Wmissing-format-attribute -Wformat-security -fno-strict-aliasing -fwrapv -Wno-unused-command-line-argument -O3 -isysroot /Applications/Xcode.app/Contents/Developer/Platforms/MacOSX.platform/Developer/SDKs/MacOSX11.1.sdk  -I/Applications/Xcode.app/Contents/Developer/Platforms/MacOSX.platform/Developer/SDKs/MacOSX.sdk/usr/include   -L/Applications/Xcode.app/Contents/Developer/Platforms/MacOSX.platform/Developer/SDKs/MacOSX.sdk/usr/lib  conftest.c -lgssapi_krb5 -lz -lreadline -lm  >&5
Undefined symbols for architecture arm64:
  "_event_add", referenced from:
      _main in conftest-9cde5d.o
ld: symbol(s) not found for architecture arm64
clang: error: linker command failed with exit code 1 (use -v to see invocation)
configure:13514: $? = 1
configure: failed program was:
| /* confdefs.h */
| #define PACKAGE_NAME "Greenplum Database"
| #define PACKAGE_TARNAME "greenplum-database"
| #define PACKAGE_VERSION "7.0.0-alpha.0"
| #define PACKAGE_STRING "Greenplum Database 7.0.0-alpha.0"
| #define PACKAGE_BUGREPORT "support@greenplum.org"
| #define PACKAGE_URL ""
| #define PG_MAJORVERSION "12"
| #define PG_VERSION "12beta2"
| #define DEF_PGPORT 5432
| #define DEF_PGPORT_STR "5432"
| #define FAULT_INJECTOR 1
| #define BLCKSZ 32768
| #define RELSEG_SIZE 32768
| #define XLOG_BLCKSZ 32768
| #define USE_ORCA 1
| #define GPOS_Darwin 1
| #define HAVE_CXX14 1
| #define ENABLE_THREAD_SAFETY 1
| #define ENABLE_GSS 1
| #define PG_KRB_SRVNAM "postgres"
| #define USE_LIBXML 1
| #define USE_ZSTD 1
| #define STDC_HEADERS 1
| #define HAVE_SYS_TYPES_H 1
| #define HAVE_SYS_STAT_H 1
| #define HAVE_STDLIB_H 1
| #define HAVE_STRING_H 1
| #define HAVE_MEMORY_H 1
| #define HAVE_STRINGS_H 1
| #define HAVE_INTTYPES_H 1
| #define HAVE_STDINT_H 1
| #define HAVE_UNISTD_H 1
| #define HAVE_PTHREAD_PRIO_INHERIT 1
| #define HAVE_PTHREAD 1
| #define HAVE_STRERROR_R 1
| #define HAVE_GETPWUID_R 1
| #define STRERROR_R_INT 1
| #define HAVE_LIBM 1
| #define HAVE_LIBREADLINE 1
| #define HAVE_LIBZ 1
| #define HAVE_SPINLOCKS 1
| #define HAVE_ATOMICS 1
| /* end confdefs.h.  */
| 
| /* Override any GCC internal prototype to avoid an error.
|    Use char because int might match the return type of a GCC
|    builtin and then its argument prototype would still apply.  */
| #ifdef __cplusplus
| extern "C"
| #endif
| char event_add ();
| int
| main ()
| {
| return event_add ();
|   ;
|   return 0;
| }
configure:13514: gcc -o conftest -Wall -Wmissing-prototypes -Wpointer-arith -Werror=vla -Wendif-labels -Wmissing-format-attribute -Wformat-security -fno-strict-aliasing -fwrapv -Wno-unused-command-line-argument -O3 -isysroot /Applications/Xcode.app/Contents/Developer/Platforms/MacOSX.platform/Developer/SDKs/MacOSX11.1.sdk  -I/Applications/Xcode.app/Contents/Developer/Platforms/MacOSX.platform/Developer/SDKs/MacOSX.sdk/usr/include   -L/Applications/Xcode.app/Contents/Developer/Platforms/MacOSX.platform/Developer/SDKs/MacOSX.sdk/usr/lib  conftest.c -levent  -lgssapi_krb5 -lz -lreadline -lm  >&5
ld: library not found for -levent
clang: error: linker command failed with exit code 1 (use -v to see invocation)
configure:13514: $? = 1
configure: failed program was:
| /* confdefs.h */
| #define PACKAGE_NAME "Greenplum Database"
| #define PACKAGE_TARNAME "greenplum-database"
| #define PACKAGE_VERSION "7.0.0-alpha.0"
| #define PACKAGE_STRING "Greenplum Database 7.0.0-alpha.0"
| #define PACKAGE_BUGREPORT "support@greenplum.org"
| #define PACKAGE_URL ""
| #define PG_MAJORVERSION "12"
| #define PG_VERSION "12beta2"
| #define DEF_PGPORT 5432
| #define DEF_PGPORT_STR "5432"
| #define FAULT_INJECTOR 1
| #define BLCKSZ 32768
| #define RELSEG_SIZE 32768
| #define XLOG_BLCKSZ 32768
| #define USE_ORCA 1
| #define GPOS_Darwin 1
| #define HAVE_CXX14 1
| #define ENABLE_THREAD_SAFETY 1
| #define ENABLE_GSS 1
| #define PG_KRB_SRVNAM "postgres"
| #define USE_LIBXML 1
| #define USE_ZSTD 1
| #define STDC_HEADERS 1
| #define HAVE_SYS_TYPES_H 1
| #define HAVE_SYS_STAT_H 1
| #define HAVE_STDLIB_H 1
| #define HAVE_STRING_H 1
| #define HAVE_MEMORY_H 1
| #define HAVE_STRINGS_H 1
| #define HAVE_INTTYPES_H 1
| #define HAVE_STDINT_H 1
| #define HAVE_UNISTD_H 1
| #define HAVE_PTHREAD_PRIO_INHERIT 1
| #define HAVE_PTHREAD 1
| #define HAVE_STRERROR_R 1
| #define HAVE_GETPWUID_R 1
| #define STRERROR_R_INT 1
| #define HAVE_LIBM 1
| #define HAVE_LIBREADLINE 1
| #define HAVE_LIBZ 1
| #define HAVE_SPINLOCKS 1
| #define HAVE_ATOMICS 1
| /* end confdefs.h.  */
| 
| /* Override any GCC internal prototype to avoid an error.
|    Use char because int might match the return type of a GCC
|    builtin and then its argument prototype would still apply.  */
| #ifdef __cplusplus
| extern "C"
| #endif
| char event_add ();
| int
| main ()
| {
| return event_add ();
|   ;
|   return 0;
| }
configure:13531: result: no
configure:13538: error: libevent is required for gpfdist

## ---------------- ##
## Cache variables. ##
## ---------------- ##

ac_cv_build=arm-apple-darwin20.3.0
ac_cv_c_compiler_gnu=yes
ac_cv_cxx_compiler_gnu=yes
ac_cv_env_CCC_set=
ac_cv_env_CCC_value=
ac_cv_env_CC_set=
ac_cv_env_CC_value=
ac_cv_env_CFLAGS_set=
ac_cv_env_CFLAGS_value=
ac_cv_env_CLANG_set=
ac_cv_env_CLANG_value=
ac_cv_env_CPPFLAGS_set=
ac_cv_env_CPPFLAGS_value=
ac_cv_env_CPP_set=
ac_cv_env_CPP_value=
ac_cv_env_CXXFLAGS_set=
ac_cv_env_CXXFLAGS_value=
ac_cv_env_CXX_set=
ac_cv_env_CXX_value=
ac_cv_env_ICU_CFLAGS_set=
ac_cv_env_ICU_CFLAGS_value=
ac_cv_env_ICU_LIBS_set=
ac_cv_env_ICU_LIBS_value=
ac_cv_env_LDFLAGS_EX_set=
ac_cv_env_LDFLAGS_EX_value=
ac_cv_env_LDFLAGS_SL_set=
ac_cv_env_LDFLAGS_SL_value=
ac_cv_env_LDFLAGS_set=
ac_cv_env_LDFLAGS_value=
ac_cv_env_LIBS_set=
ac_cv_env_LIBS_value=
ac_cv_env_LLVM_CONFIG_set=
ac_cv_env_LLVM_CONFIG_value=
ac_cv_env_MSGFMT_set=
ac_cv_env_MSGFMT_value=
ac_cv_env_PERL_set=
ac_cv_env_PERL_value=
ac_cv_env_PKG_CONFIG_LIBDIR_set=
ac_cv_env_PKG_CONFIG_LIBDIR_value=
ac_cv_env_PKG_CONFIG_PATH_set=
ac_cv_env_PKG_CONFIG_PATH_value=
ac_cv_env_PKG_CONFIG_set=
ac_cv_env_PKG_CONFIG_value=
ac_cv_env_PYTHON_set=
ac_cv_env_PYTHON_value=
ac_cv_env_TCLSH_set=
ac_cv_env_TCLSH_value=
ac_cv_env_XML2_CONFIG_set=
ac_cv_env_XML2_CONFIG_value=
ac_cv_env_ZSTD_CFLAGS_set=
ac_cv_env_ZSTD_CFLAGS_value=
ac_cv_env_ZSTD_LIBS_set=
ac_cv_env_ZSTD_LIBS_value=
ac_cv_env_build_alias_set=
ac_cv_env_build_alias_value=
ac_cv_env_host_alias_set=
ac_cv_env_host_alias_value=
ac_cv_env_target_alias_set=
ac_cv_env_target_alias_value=
ac_cv_func_gethostbyname_r=no
ac_cv_func_getpwuid_r=yes
ac_cv_func_strerror_r=yes
ac_cv_header_inttypes_h=yes
ac_cv_header_memory_h=yes
ac_cv_header_pthread_h=yes
ac_cv_header_stdc=yes
ac_cv_header_stdint_h=yes
ac_cv_header_stdlib_h=yes
ac_cv_header_string_h=yes
ac_cv_header_strings_h=yes
ac_cv_header_sys_stat_h=yes
ac_cv_header_sys_types_h=yes
ac_cv_header_unistd_h=yes
ac_cv_host=arm-apple-darwin20.3.0
ac_cv_lib_m_main=yes
ac_cv_lib_z_inflate=yes
ac_cv_objext=o
ac_cv_path_APR_1_CONFIG=/opt/homebrew/opt/apr/bin/apr-1-config
ac_cv_path_BISON=/usr/bin/bison
ac_cv_path_EGREP='/usr/bin/grep -E'
ac_cv_path_GREP=/usr/bin/grep
ac_cv_path_LD=/Applications/Xcode.app/Contents/Developer/Toolchains/XcodeDefault.xctoolchain/usr/bin/ld
ac_cv_path_PERL=/opt/homebrew/bin/perl
ac_cv_path_PYTHON=/opt/homebrew/bin/python3
ac_cv_path_SED=/usr/bin/sed
ac_cv_path_TAR=/usr/bin/tar
ac_cv_path_XML2_CONFIG=/usr/bin/xml2-config
ac_cv_path_ac_pt_PKG_CONFIG=/opt/homebrew/bin/pkg-config
ac_cv_path_install='/usr/bin/install -c'
ac_cv_prog_AWK=gawk
ac_cv_prog_CPP='gcc -E'
ac_cv_prog_ac_ct_AR=ar
ac_cv_prog_ac_ct_CC=gcc
ac_cv_prog_ac_ct_CXX=g++
ac_cv_prog_ac_ct_RANLIB=ranlib
ac_cv_prog_ac_ct_STRIP=strip
ac_cv_prog_cc_c89=
ac_cv_prog_cc_c99=
ac_cv_prog_cc_g=yes
ac_cv_prog_cxx_g=yes
ac_cv_prog_gnu_ld=no
ac_cv_search_apr_getopt_long='none required'
ac_cv_search_backtrace_symbols='none required'
ac_cv_search_clock_gettime='none required'
ac_cv_search_crypt='none required'
ac_cv_search_dlopen='none required'
ac_cv_search_event_add=no
ac_cv_search_fdatasync='none required'
ac_cv_search_gethostbyname_r=no
ac_cv_search_getopt_long='none required'
ac_cv_search_gss_init_sec_context=-lgssapi_krb5
ac_cv_search_sched_yield='none required'
ac_cv_search_setproctitle=no
ac_cv_search_shl_load=no
ac_cv_search_shm_open='none required'
ac_cv_search_shm_unlink='none required'
ac_cv_search_shmget='none required'
ac_cv_search_socket='none required'
ax_cv_PTHREAD_CLANG=yes
ax_cv_PTHREAD_CLANG_NO_WARN_FLAG=no
ax_cv_PTHREAD_JOINABLE_ATTR=PTHREAD_CREATE_JOINABLE
ax_cv_PTHREAD_PRIO_INHERIT=yes
ax_cv_PTHREAD_SPECIAL_FLAGS=no
ax_cv_cxx_compile_cxx14__std_cpp14=yes
pgac_cv_check_readline=-lreadline
pgac_cv_func_strerror_r_int=yes
pgac_cv_path_flex=/usr/bin/flex
pgac_cv_prog_CC_cflags__Wendif_labels=yes
pgac_cv_prog_CC_cflags__Werror_implicit_fallthrough_3=no
pgac_cv_prog_CC_cflags__Werror_vla=yes
pgac_cv_prog_CC_cflags__Wformat_security=yes
pgac_cv_prog_CC_cflags__Wformat_truncation=no
pgac_cv_prog_CC_cflags__Wmissing_format_attribute=yes
pgac_cv_prog_CC_cflags__Wno_unused_but_set_variable=no
pgac_cv_prog_CC_cflags__Wstringop_truncation=no
pgac_cv_prog_CC_cflags__Wunused_command_line_argument=yes
pgac_cv_prog_CC_cflags__fexcess_precision_standard=no
pgac_cv_prog_CC_cflags__fno_strict_aliasing=yes
pgac_cv_prog_CC_cflags__ftree_vectorize=yes
pgac_cv_prog_CC_cflags__funroll_loops=yes
pgac_cv_prog_CC_cflags__fwrapv=yes
pgac_cv_prog_CXX_cxxflags__Wendif_labels=yes
pgac_cv_prog_CXX_cxxflags__Wformat_security=yes
pgac_cv_prog_CXX_cxxflags__Wmissing_format_attribute=yes
pgac_cv_prog_CXX_cxxflags__fexcess_precision_standard=no
pgac_cv_prog_CXX_cxxflags__fno_strict_aliasing=yes
pgac_cv_prog_CXX_cxxflags__fwrapv=yes
pgac_cv_prog_cxx_cxxflags__Wdeprecated_register=yes
pgac_cv_prog_cxx_cxxflags__fexcess_precision_standard=no
pkg_cv_ZSTD_CFLAGS=-I/opt/homebrew/Cellar/zstd/1.4.9//include
pkg_cv_ZSTD_LIBS='-L/opt/homebrew/Cellar/zstd/1.4.9//lib -lzstd'

## ----------------- ##
## Output variables. ##
## ----------------- ##

APR_1_CONFIG='/opt/homebrew/opt/apr/bin/apr-1-config'
AR='ar'
AWK='gawk'
BISON='/usr/bin/bison'
BISONFLAGS=''
BITCODE_CFLAGS=' -O2 '
BITCODE_CXXFLAGS=' -O2 '
BLD_ARCH=''
CC='gcc'
CFLAGS='-Wall -Wmissing-prototypes -Wpointer-arith -Werror=vla -Wendif-labels -Wmissing-format-attribute -Wformat-security -fno-strict-aliasing -fwrapv -Wno-unused-command-line-argument -O3'
CFLAGS_ARMV8_CRC32C=''
CFLAGS_SSE42=''
CFLAGS_VECTOR=' -funroll-loops -ftree-vectorize'
CLANG=''
CPP='gcc -E'
CPPFLAGS='-isysroot /Applications/Xcode.app/Contents/Developer/Platforms/MacOSX.platform/Developer/SDKs/MacOSX11.1.sdk  -I/Applications/Xcode.app/Contents/Developer/Platforms/MacOSX.platform/Developer/SDKs/MacOSX.sdk/usr/include '
CURL_CFLAGS=''
CURL_CONFIG=''
CURL_LIBS=''
CXX='g++ -std=c++14'
CXXFLAGS='-Wall -Wpointer-arith -Wendif-labels -Wmissing-format-attribute -Wformat-security -fno-strict-aliasing -fwrapv -Wno-deprecated-register -O3'
DBTOEPUB=''
DEFS=''
DLLTOOL=''
DLLWRAP=''
DTRACE=''
DTRACEFLAGS=''
ECHO_C='\c'
ECHO_N=''
ECHO_T=''
EGREP='/usr/bin/grep -E'
ELF_SYS=''
EVENT_LIBS=''
EXEEXT=''
FLEX='/usr/bin/flex'
FLEXFLAGS=''
FOP=''
GCC='yes'
GCOV=''
GENHTML=''
GP_MAJORVERSION=''
GP_VERSION_SHORT=''
GREP='/usr/bin/grep'
HAVE_CXX14='1'
ICU_CFLAGS=''
ICU_LIBS=''
INCLUDES=''
INSTALL_DATA='${INSTALL} -m 644'
INSTALL_PROGRAM='${INSTALL}'
INSTALL_SCRIPT='${INSTALL}'
LCOV=''
LD='/Applications/Xcode.app/Contents/Developer/Toolchains/XcodeDefault.xctoolchain/usr/bin/ld'
LDAP_LIBS_BE=''
LDAP_LIBS_FE=''
LDFLAGS=' -L/Applications/Xcode.app/Contents/Developer/Platforms/MacOSX.platform/Developer/SDKs/MacOSX.sdk/usr/lib '
LDFLAGS_EX=''
LDFLAGS_SL=''
LIBOBJS=''
LIBS='-lgssapi_krb5 -lz -lreadline -lm '
LLVM_BINPATH=''
LLVM_CFLAGS=''
LLVM_CONFIG=''
LLVM_CPPFLAGS=''
LLVM_CXXFLAGS=''
LLVM_LIBS=''
LN_S='ln -s'
LTLIBOBJS=''
MKDIR_P='\${SHELL} \${top_srcdir}/config/install-sh -c -d'
MSGFMT=''
MSGFMT_FLAGS=''
MSGMERGE=''
OBJEXT='o'
PACKAGE_BUGREPORT='support@greenplum.org'
PACKAGE_NAME='Greenplum Database'
PACKAGE_STRING='Greenplum Database 7.0.0-alpha.0'
PACKAGE_TARNAME='greenplum-database'
PACKAGE_URL=''
PACKAGE_VERSION='7.0.0-alpha.0'
PATH_SEPARATOR=':'
PERL='/opt/homebrew/bin/perl'
PERMIT_DECLARATION_AFTER_STATEMENT=''
PG_CRC32C_OBJS=''
PG_MAJORVERSION='12'
PG_PACKAGE_VERSION='12beta2'
PG_SYSROOT='/Applications/Xcode.app/Contents/Developer/Platforms/MacOSX.platform/Developer/SDKs/MacOSX11.1.sdk'
PG_VERSION_NUM=''
PKG_CONFIG='/opt/homebrew/bin/pkg-config'
PKG_CONFIG_LIBDIR=''
PKG_CONFIG_PATH=''
PORTNAME='darwin'
PROVE=''
PTHREAD_CC='gcc'
PTHREAD_CFLAGS='-pthread -D_REENTRANT -D_THREAD_SAFE -D_POSIX_PTHREAD_SEMANTICS'
PTHREAD_LIBS=''
PYTHON='/opt/homebrew/bin/python3'
RANLIB='ranlib'
SED='/usr/bin/sed'
SHELL='/bin/sh'
STRIP='strip -x'
STRIP_SHARED_LIB='strip -x'
STRIP_STATIC_LIB='strip -x'
SUN_STUDIO_CC='no'
TAR='/usr/bin/tar'
TAS=''
TCLSH=''
TCL_CONFIG_SH=''
TCL_INCLUDE_SPEC=''
TCL_LIBS=''
TCL_LIB_SPEC=''
TCL_SHARED_BUILD=''
TCL_SHLIB_LD_LIBS=''
UUID_EXTRA_OBJS=''
UUID_LIBS=''
WINDRES=''
XGETTEXT=''
XML2_CONFIG='/usr/bin/xml2-config'
XMLLINT=''
XSLTPROC=''
YAML_LIBS=''
ZIC=''
ZSTD_CFLAGS='-I/opt/homebrew/Cellar/zstd/1.4.9//include'
ZSTD_LIBS='-L/opt/homebrew/Cellar/zstd/1.4.9//lib -lzstd'
ac_ct_CC='gcc'
ac_ct_CXX='g++'
apr_cflags=' -g -O2'
apr_cppflags=' -DDARWIN -DSIGPROCMASK_SETS_THREAD_MASK'
apr_includes=' -I/opt/homebrew/opt/apr/libexec/include/apr-1 '
apr_link_ld_libs=' -L/opt/homebrew/opt/apr/libexec/lib -lapr-1 -lpthread'
autodepend=''
ax_pthread_config=''
bindir='${exec_prefix}/bin'
build='arm-apple-darwin20.3.0'
build_alias=''
build_cpu='arm'
build_os='darwin20.3.0'
build_vendor='apple'
configure_args=' '\''--with-perl'\'' '\''--with-python'\'' '\''--with-libxml'\'' '\''--with-gssapi'\'' '\''--prefix=/usr/local/gpdb'\'''
datadir='${datarootdir}'
datarootdir='${prefix}/share'
default_port='5432'
docdir='${datarootdir}/doc/${PACKAGE_TARNAME}'
dvidir='${docdir}'
enable_coverage='no'
enable_debug='no'
enable_debug_extensions='yes'
enable_dtrace='no'
enable_gpcloud='no'
enable_gpfdist='yes'
enable_ic_proxy='no'
enable_largefile=''
enable_mapreduce='no'
enable_orafce='no'
enable_orca='yes'
enable_pxf='yes'
enable_rpath='yes'
enable_strong_random='yes'
enable_tap_tests='no'
enable_thread_safety='yes'
exec_prefix='NONE'
have_win32_dbghelp=''
have_yaml=''
host='arm-apple-darwin20.3.0'
host_alias=''
host_cpu='arm'
host_os='darwin20.3.0'
host_vendor='apple'
htmldir='${docdir}'
includedir='${prefix}/include'
infodir='${datarootdir}/info'
install_bin='/usr/bin/install -c'
krb_srvtab='FILE:$(sysconfdir)/krb5.keytab'
libdir='${exec_prefix}/lib'
libexecdir='${exec_prefix}/libexec'
localedir='${datarootdir}/locale'
localstatedir='${prefix}/var'
mandir='${datarootdir}/man'
oldincludedir='/usr/include'
pdfdir='${docdir}'
perl_archlibexp='/opt/homebrew/Cellar/perl/5.32.1_1/lib/perl5/5.32.1/darwin-thread-multi-2level'
perl_embed_ccflags='-DPERL_DARWIN -DPERL_USE_SAFE_PUTENV '
perl_embed_ldflags='  -mmacosx-version-min=11.2 -fstack-protector-strong  -L/opt/homebrew/Cellar/perl/5.32.1_1/lib/perl5/5.32.1/darwin-thread-multi-2level/CORE -lperl'
perl_includespec='-I/opt/homebrew/Cellar/perl/5.32.1_1/lib/perl5/5.32.1/darwin-thread-multi-2level/CORE'
perl_privlibexp='/opt/homebrew/Cellar/perl/5.32.1_1/lib/perl5/5.32.1'
perl_useshrplib='true'
prefix='/usr/local/gpdb'
program_transform_name='s,x,x,'
psdir='${docdir}'
python_additional_libs='-ldl   -framework CoreFoundation'
python_includespec='-I/opt/homebrew/opt/python@3.9/Frameworks/Python.framework/Versions/3.9/include/python3.9'
python_libdir='/opt/homebrew/opt/python@3.9/Frameworks/Python.framework/Versions/3.9/lib'
python_libspec='-L/opt/homebrew/opt/python@3.9/Frameworks/Python.framework/Versions/3.9/lib -lpython3.9'
python_majorversion='3'
python_version='3.9'
sbindir='${exec_prefix}/sbin'
sharedstatedir='${prefix}/com'
sysconfdir='${prefix}/etc'
target_alias=''
vpath_build=''
with_apr_config=''
with_gnu_ld='no'
with_gssapi='yes'
with_icu='no'
with_krb_srvnam='postgres'
with_ldap='no'
with_libbz2='yes'
with_libcurl='yes'
with_libxml='yes'
with_libxslt='no'
with_llvm='no'
with_openssl='no'
with_perl='yes'
with_python='yes'
with_quicklz='no'
with_rt='yes'
with_selinux='no'
with_system_tzdata=''
with_systemd='no'
with_tcl='no'
with_uuid='no'
with_zlib='yes'
with_zstd='yes'

## ----------- ##
## confdefs.h. ##
## ----------- ##

/* confdefs.h */
#define PACKAGE_NAME "Greenplum Database"
#define PACKAGE_TARNAME "greenplum-database"
#define PACKAGE_VERSION "7.0.0-alpha.0"
#define PACKAGE_STRING "Greenplum Database 7.0.0-alpha.0"
#define PACKAGE_BUGREPORT "support@greenplum.org"
#define PACKAGE_URL ""
#define PG_MAJORVERSION "12"
#define PG_VERSION "12beta2"
#define DEF_PGPORT 5432
#define DEF_PGPORT_STR "5432"
#define FAULT_INJECTOR 1
#define BLCKSZ 32768
#define RELSEG_SIZE 32768
#define XLOG_BLCKSZ 32768
#define USE_ORCA 1
#define GPOS_Darwin 1
#define HAVE_CXX14 1
#define ENABLE_THREAD_SAFETY 1
#define ENABLE_GSS 1
#define PG_KRB_SRVNAM "postgres"
#define USE_LIBXML 1
#define USE_ZSTD 1
#define STDC_HEADERS 1
#define HAVE_SYS_TYPES_H 1
#define HAVE_SYS_STAT_H 1
#define HAVE_STDLIB_H 1
#define HAVE_STRING_H 1
#define HAVE_MEMORY_H 1
#define HAVE_STRINGS_H 1
#define HAVE_INTTYPES_H 1
#define HAVE_STDINT_H 1
#define HAVE_UNISTD_H 1
#define HAVE_PTHREAD_PRIO_INHERIT 1
#define HAVE_PTHREAD 1
#define HAVE_STRERROR_R 1
#define HAVE_GETPWUID_R 1
#define STRERROR_R_INT 1
#define HAVE_LIBM 1
#define HAVE_LIBREADLINE 1
#define HAVE_LIBZ 1
#define HAVE_SPINLOCKS 1
#define HAVE_ATOMICS 1

configure: exit 1
